[2021-07-10 18:45:34.899] [exthost] [info] extension host started
[2021-07-10 18:45:34.923] [exthost] [error] Error: EEXIST: file already exists, open '/src/github.com/hyperledger/fabric-samples/User/workspaceStorage/22a5b041d0449e0937e0f2e79b918f5a/vscode.lock'
[2021-07-10 18:45:35.003] [exthost] [info] Lock '/src/github.com/hyperledger/fabric-samples/User/workspaceStorage/22a5b041d0449e0937e0f2e79b918f5a/vscode.lock': Could not acquire lock, checking if the file is stale.
[2021-07-10 18:45:35.026] [exthost] [info] Lock '/src/github.com/hyperledger/fabric-samples/User/workspaceStorage/22a5b041d0449e0937e0f2e79b918f5a/vscode.lock': The pid 5011 appears to be gone.
[2021-07-10 18:45:35.027] [exthost] [info] Lock '/src/github.com/hyperledger/fabric-samples/User/workspaceStorage/22a5b041d0449e0937e0f2e79b918f5a/vscode.lock': Deleting a stale lock.
[2021-07-10 18:45:35.038] [exthost] [info] Lock '/src/github.com/hyperledger/fabric-samples/User/workspaceStorage/22a5b041d0449e0937e0f2e79b918f5a/vscode.lock': Lock acquired.
[2021-07-10 18:45:35.220] [exthost] [info] ExtensionService#_doActivateExtension vscode.microsoft-authentication {"startup":false,"extensionId":{"value":"vscode.microsoft-authentication","_lower":"vscode.microsoft-authentication"},"activationEvent":"onAuthenticationRequest:microsoft"}
[2021-07-10 18:45:35.221] [exthost] [info] ExtensionService#loadCommonJSModule file:///snap/code/68/usr/share/code/resources/app/extensions/microsoft-authentication/dist/extension.js
[2021-07-10 18:45:35.253] [exthost] [info] ExtensionService#_doActivateExtension GrapeCity.gc-excelviewer {"startup":false,"extensionId":{"value":"GrapeCity.gc-excelviewer","_lower":"grapecity.gc-excelviewer"},"activationEvent":"onLanguage:plaintext"}
[2021-07-10 18:45:35.253] [exthost] [info] ExtensionService#loadCommonJSModule file:///root/.vscode/extensions/grapecity.gc-excelviewer-3.0.42/dist/extension
[2021-07-10 18:45:35.258] [exthost] [info] ExtensionService#_doActivateExtension vscode.debug-auto-launch {"startup":true,"extensionId":{"value":"vscode.debug-auto-launch","_lower":"vscode.debug-auto-launch"},"activationEvent":"*"}
[2021-07-10 18:45:35.258] [exthost] [info] ExtensionService#loadCommonJSModule file:///snap/code/68/usr/share/code/resources/app/extensions/debug-auto-launch/dist/extension
[2021-07-10 18:45:35.265] [exthost] [info] ExtensionService#_doActivateExtension vscode.git {"startup":true,"extensionId":{"value":"vscode.github","_lower":"vscode.github"},"activationEvent":"*"}
[2021-07-10 18:45:35.265] [exthost] [info] ExtensionService#loadCommonJSModule file:///snap/code/68/usr/share/code/resources/app/extensions/git/dist/main
[2021-07-10 18:45:35.351] [exthost] [info] ExtensionService#_doActivateExtension dqisme.sync-scroll {"startup":true,"extensionId":{"value":"dqisme.sync-scroll","_lower":"dqisme.sync-scroll"},"activationEvent":"*"}
[2021-07-10 18:45:35.351] [exthost] [info] ExtensionService#loadCommonJSModule file:///root/.vscode/extensions/dqisme.sync-scroll-1.3.0/out/extension.js
[2021-07-10 18:45:35.359] [exthost] [info] ExtensionService#_doActivateExtension vscode-icons-team.vscode-icons {"startup":true,"extensionId":{"value":"vscode-icons-team.vscode-icons","_lower":"vscode-icons-team.vscode-icons"},"activationEvent":"*"}
[2021-07-10 18:45:35.359] [exthost] [info] ExtensionService#loadCommonJSModule file:///root/.vscode/extensions/vscode-icons-team.vscode-icons-11.5.0/dist/src/vscode-icons.bundle.js
[2021-07-10 18:45:36.583] [exthost] [info] ExtensionService#_doActivateExtension vscode.typescript-language-features {"startup":false,"extensionId":{"value":"vscode.typescript-language-features","_lower":"vscode.typescript-language-features"},"activationEvent":"onLanguage:javascript"}
[2021-07-10 18:45:36.583] [exthost] [info] ExtensionService#loadCommonJSModule file:///snap/code/68/usr/share/code/resources/app/extensions/typescript-language-features/dist/extension
[2021-07-10 18:45:36.738] [exthost] [info] ExtensionService#_doActivateExtension ms-vscode.js-debug {"startup":false,"extensionId":{"value":"ms-vscode.js-debug","_lower":"ms-vscode.js-debug"},"activationEvent":"onCommand:extension.js-debug.clearAutoAttachVariables"}
[2021-07-10 18:45:36.738] [exthost] [info] ExtensionService#loadCommonJSModule file:///snap/code/68/usr/share/code/resources/app/extensions/ms-vscode.js-debug/src/extension.js
[2021-07-10 18:45:37.043] [exthost] [info] ExtensionService#_doActivateExtension vscode.github {"startup":false,"extensionId":{"value":"vscode.github","_lower":"vscode.github"},"activationEvent":"*"}
[2021-07-10 18:45:37.043] [exthost] [info] ExtensionService#loadCommonJSModule file:///snap/code/68/usr/share/code/resources/app/extensions/github/dist/extension.js
[2021-07-10 18:45:38.971] [exthost] [info] ExtensionService#_doActivateExtension vscode.github-authentication {"startup":false,"extensionId":{"value":"vscode.github-authentication","_lower":"vscode.github-authentication"},"activationEvent":"onAuthenticationRequest:github"}
[2021-07-10 18:45:38.971] [exthost] [info] ExtensionService#loadCommonJSModule file:///snap/code/68/usr/share/code/resources/app/extensions/github-authentication/dist/extension.js
[2021-07-10 18:45:43.592] [exthost] [info] eager extensions activated
[2021-07-10 18:45:43.701] [exthost] [info] ExtensionService#_doActivateExtension vscode.emmet {"startup":false,"extensionId":{"value":"vscode.emmet","_lower":"vscode.emmet"},"activationEvent":"onStartupFinished"}
[2021-07-10 18:45:43.701] [exthost] [info] ExtensionService#loadCommonJSModule file:///snap/code/68/usr/share/code/resources/app/extensions/emmet/dist/node/emmetNodeMain
[2021-07-10 18:45:43.718] [exthost] [info] ExtensionService#_doActivateExtension vscode.merge-conflict {"startup":false,"extensionId":{"value":"vscode.merge-conflict","_lower":"vscode.merge-conflict"},"activationEvent":"onStartupFinished"}
[2021-07-10 18:45:43.718] [exthost] [info] ExtensionService#loadCommonJSModule file:///snap/code/68/usr/share/code/resources/app/extensions/merge-conflict/dist/mergeConflictMain
[2021-07-10 18:45:43.726] [exthost] [info] ExtensionService#_doActivateExtension vscode.testing-editor-contributions {"startup":false,"extensionId":{"value":"vscode.testing-editor-contributions","_lower":"vscode.testing-editor-contributions"},"activationEvent":"onStartupFinished"}
[2021-07-10 18:45:43.726] [exthost] [info] ExtensionService#loadCommonJSModule file:///snap/code/68/usr/share/code/resources/app/extensions/testing-editor-contributions/dist/extension.js
[2021-07-10 18:46:07.831] [exthost] [info] ExtensionService#_doActivateExtension vscode.extension-editing {"startup":false,"extensionId":{"value":"vscode.extension-editing","_lower":"vscode.extension-editing"},"activationEvent":"onLanguage:typescript"}
[2021-07-10 18:46:07.831] [exthost] [info] ExtensionService#loadCommonJSModule file:///snap/code/68/usr/share/code/resources/app/extensions/extension-editing/dist/extensionEditingMain
[2021-07-10 18:47:17.071] [exthost] [info] extension host terminating: renderer closed the socket
[2021-07-10 18:47:17.072] [exthost] [info] Lock '/src/github.com/hyperledger/fabric-samples/User/workspaceStorage/22a5b041d0449e0937e0f2e79b918f5a/vscode.lock': Marking the lockfile as scheduled to be released in 6000 ms.
[2021-07-10 18:47:18.117] [exthost] [info] exiting with code 0
[2021-07-10 18:47:19.559] [exthost] [info] extension host started
[2021-07-10 18:47:19.714] [exthost] [info] Lock '/src/github.com/hyperledger/fabric-samples/User/workspaceStorage/97f210f434b26176d6e6351e302bf620/vscode.lock': Lock acquired.
[2021-07-10 18:47:19.849] [exthost] [info] ExtensionService#_doActivateExtension vscode.microsoft-authentication {"startup":false,"extensionId":{"value":"vscode.microsoft-authentication","_lower":"vscode.microsoft-authentication"},"activationEvent":"onAuthenticationRequest:microsoft"}
[2021-07-10 18:47:19.849] [exthost] [info] ExtensionService#loadCommonJSModule file:///snap/code/68/usr/share/code/resources/app/extensions/microsoft-authentication/dist/extension.js
[2021-07-10 18:47:19.859] [exthost] [info] ExtensionService#_doActivateExtension vscode.debug-auto-launch {"startup":true,"extensionId":{"value":"vscode.debug-auto-launch","_lower":"vscode.debug-auto-launch"},"activationEvent":"*"}
[2021-07-10 18:47:19.859] [exthost] [info] ExtensionService#loadCommonJSModule file:///snap/code/68/usr/share/code/resources/app/extensions/debug-auto-launch/dist/extension
[2021-07-10 18:47:19.860] [exthost] [info] ExtensionService#_doActivateExtension vscode.git {"startup":true,"extensionId":{"value":"vscode.github","_lower":"vscode.github"},"activationEvent":"*"}
[2021-07-10 18:47:19.860] [exthost] [info] ExtensionService#loadCommonJSModule file:///snap/code/68/usr/share/code/resources/app/extensions/git/dist/main
[2021-07-10 18:47:19.888] [exthost] [info] ExtensionService#_doActivateExtension vscode-icons-team.vscode-icons {"startup":true,"extensionId":{"value":"vscode-icons-team.vscode-icons","_lower":"vscode-icons-team.vscode-icons"},"activationEvent":"*"}
[2021-07-10 18:47:19.888] [exthost] [info] ExtensionService#loadCommonJSModule file:///root/.vscode/extensions/vscode-icons-team.vscode-icons-11.5.0/dist/src/vscode-icons.bundle.js
[2021-07-10 18:47:20.283] [exthost] [info] ExtensionService#_doActivateExtension ms-vscode.js-debug {"startup":false,"extensionId":{"value":"ms-vscode.js-debug","_lower":"ms-vscode.js-debug"},"activationEvent":"onCommand:extension.js-debug.clearAutoAttachVariables"}
[2021-07-10 18:47:20.283] [exthost] [info] ExtensionService#loadCommonJSModule file:///snap/code/68/usr/share/code/resources/app/extensions/ms-vscode.js-debug/src/extension.js
[2021-07-10 18:47:20.378] [exthost] [info] ExtensionService#_doActivateExtension vscode.github {"startup":false,"extensionId":{"value":"vscode.github","_lower":"vscode.github"},"activationEvent":"*"}
[2021-07-10 18:47:20.378] [exthost] [info] ExtensionService#loadCommonJSModule file:///snap/code/68/usr/share/code/resources/app/extensions/github/dist/extension.js
[2021-07-10 18:47:20.464] [exthost] [info] ExtensionService#_doActivateExtension vscode.github-authentication {"startup":false,"extensionId":{"value":"vscode.github-authentication","_lower":"vscode.github-authentication"},"activationEvent":"onAuthenticationRequest:github"}
[2021-07-10 18:47:20.464] [exthost] [info] ExtensionService#loadCommonJSModule file:///snap/code/68/usr/share/code/resources/app/extensions/github-authentication/dist/extension.js
[2021-07-10 18:47:22.609] [exthost] [info] eager extensions activated
[2021-07-10 18:47:22.614] [exthost] [info] ExtensionService#_doActivateExtension vscode.emmet {"startup":false,"extensionId":{"value":"vscode.emmet","_lower":"vscode.emmet"},"activationEvent":"onStartupFinished"}
[2021-07-10 18:47:22.614] [exthost] [info] ExtensionService#loadCommonJSModule file:///snap/code/68/usr/share/code/resources/app/extensions/emmet/dist/node/emmetNodeMain
[2021-07-10 18:47:22.617] [exthost] [info] ExtensionService#_doActivateExtension vscode.merge-conflict {"startup":false,"extensionId":{"value":"vscode.merge-conflict","_lower":"vscode.merge-conflict"},"activationEvent":"onStartupFinished"}
[2021-07-10 18:47:22.618] [exthost] [info] ExtensionService#loadCommonJSModule file:///snap/code/68/usr/share/code/resources/app/extensions/merge-conflict/dist/mergeConflictMain
[2021-07-10 18:47:22.619] [exthost] [info] ExtensionService#_doActivateExtension vscode.testing-editor-contributions {"startup":false,"extensionId":{"value":"vscode.testing-editor-contributions","_lower":"vscode.testing-editor-contributions"},"activationEvent":"onStartupFinished"}
[2021-07-10 18:47:22.619] [exthost] [info] ExtensionService#loadCommonJSModule file:///snap/code/68/usr/share/code/resources/app/extensions/testing-editor-contributions/dist/extension.js
[2021-07-10 18:47:23.078] [exthost] [info] ExtensionService#_doActivateExtension dqisme.sync-scroll {"startup":false,"extensionId":{"value":"dqisme.sync-scroll","_lower":"dqisme.sync-scroll"},"activationEvent":"*"}
[2021-07-10 18:47:23.078] [exthost] [info] ExtensionService#loadCommonJSModule file:///root/.vscode/extensions/dqisme.sync-scroll-1.3.0/out/extension.js
[2021-07-10 18:47:39.882] [exthost] [info] ExtensionService#_doActivateExtension vscode.configuration-editing {"startup":false,"extensionId":{"value":"vscode.configuration-editing","_lower":"vscode.configuration-editing"},"activationEvent":"onLanguage:json"}
[2021-07-10 18:47:39.883] [exthost] [info] ExtensionService#loadCommonJSModule file:///snap/code/68/usr/share/code/resources/app/extensions/configuration-editing/dist/configurationEditingMain
[2021-07-10 18:47:39.906] [exthost] [info] ExtensionService#_doActivateExtension vscode.extension-editing {"startup":false,"extensionId":{"value":"vscode.extension-editing","_lower":"vscode.extension-editing"},"activationEvent":"onLanguage:json"}
[2021-07-10 18:47:39.908] [exthost] [info] ExtensionService#loadCommonJSModule file:///snap/code/68/usr/share/code/resources/app/extensions/extension-editing/dist/extensionEditingMain
[2021-07-10 18:47:39.919] [exthost] [info] ExtensionService#_doActivateExtension vscode.json-language-features {"startup":false,"extensionId":{"value":"vscode.json-language-features","_lower":"vscode.json-language-features"},"activationEvent":"onLanguage:json"}
[2021-07-10 18:47:39.920] [exthost] [info] ExtensionService#loadCommonJSModule file:///snap/code/68/usr/share/code/resources/app/extensions/json-language-features/client/dist/node/jsonClientMain
[2021-07-10 18:47:39.972] [exthost] [info] ExtensionService#_doActivateExtension vscode.npm {"startup":false,"extensionId":{"value":"vscode.npm","_lower":"vscode.npm"},"activationEvent":"onLanguage:json"}
[2021-07-10 18:47:39.972] [exthost] [info] ExtensionService#loadCommonJSModule file:///snap/code/68/usr/share/code/resources/app/extensions/npm/dist/npmMain
[2021-07-10 18:48:50.816] [exthost] [info] extension host terminating: renderer closed the socket
[2021-07-10 18:48:50.817] [exthost] [info] Lock '/src/github.com/hyperledger/fabric-samples/User/workspaceStorage/97f210f434b26176d6e6351e302bf620/vscode.lock': Marking the lockfile as scheduled to be released in 6000 ms.
[2021-07-10 18:48:51.836] [exthost] [info] exiting with code 0
[2021-07-10 18:48:53.503] [exthost] [info] extension host started
[2021-07-10 18:48:53.527] [exthost] [info] Lock '/src/github.com/hyperledger/fabric-samples/User/workspaceStorage/22a5b041d0449e0937e0f2e79b918f5a/vscode.lock': Lock acquired.
[2021-07-10 18:48:53.790] [exthost] [info] ExtensionService#_doActivateExtension vscode.microsoft-authentication {"startup":false,"extensionId":{"value":"vscode.microsoft-authentication","_lower":"vscode.microsoft-authentication"},"activationEvent":"onAuthenticationRequest:microsoft"}
[2021-07-10 18:48:53.791] [exthost] [info] ExtensionService#loadCommonJSModule file:///snap/code/68/usr/share/code/resources/app/extensions/microsoft-authentication/dist/extension.js
[2021-07-10 18:48:53.813] [exthost] [info] ExtensionService#_doActivateExtension GrapeCity.gc-excelviewer {"startup":false,"extensionId":{"value":"GrapeCity.gc-excelviewer","_lower":"grapecity.gc-excelviewer"},"activationEvent":"onLanguage:plaintext"}
[2021-07-10 18:48:53.813] [exthost] [info] ExtensionService#loadCommonJSModule file:///root/.vscode/extensions/grapecity.gc-excelviewer-3.0.42/dist/extension
[2021-07-10 18:48:53.817] [exthost] [info] ExtensionService#_doActivateExtension vscode.typescript-language-features {"startup":false,"extensionId":{"value":"vscode.typescript-language-features","_lower":"vscode.typescript-language-features"},"activationEvent":"onLanguage:javascript"}
[2021-07-10 18:48:53.817] [exthost] [info] ExtensionService#loadCommonJSModule file:///snap/code/68/usr/share/code/resources/app/extensions/typescript-language-features/dist/extension
[2021-07-10 18:48:53.868] [exthost] [info] ExtensionService#_doActivateExtension vscode.debug-auto-launch {"startup":true,"extensionId":{"value":"vscode.debug-auto-launch","_lower":"vscode.debug-auto-launch"},"activationEvent":"*"}
[2021-07-10 18:48:53.868] [exthost] [info] ExtensionService#loadCommonJSModule file:///snap/code/68/usr/share/code/resources/app/extensions/debug-auto-launch/dist/extension
[2021-07-10 18:48:53.872] [exthost] [info] ExtensionService#_doActivateExtension vscode.git {"startup":true,"extensionId":{"value":"vscode.github","_lower":"vscode.github"},"activationEvent":"*"}
[2021-07-10 18:48:53.872] [exthost] [info] ExtensionService#loadCommonJSModule file:///snap/code/68/usr/share/code/resources/app/extensions/git/dist/main
[2021-07-10 18:48:53.898] [exthost] [info] ExtensionService#_doActivateExtension dqisme.sync-scroll {"startup":true,"extensionId":{"value":"dqisme.sync-scroll","_lower":"dqisme.sync-scroll"},"activationEvent":"*"}
[2021-07-10 18:48:53.898] [exthost] [info] ExtensionService#loadCommonJSModule file:///root/.vscode/extensions/dqisme.sync-scroll-1.3.0/out/extension.js
[2021-07-10 18:48:53.905] [exthost] [info] ExtensionService#_doActivateExtension vscode-icons-team.vscode-icons {"startup":true,"extensionId":{"value":"vscode-icons-team.vscode-icons","_lower":"vscode-icons-team.vscode-icons"},"activationEvent":"*"}
[2021-07-10 18:48:53.905] [exthost] [info] ExtensionService#loadCommonJSModule file:///root/.vscode/extensions/vscode-icons-team.vscode-icons-11.5.0/dist/src/vscode-icons.bundle.js
[2021-07-10 18:48:55.265] [exthost] [info] ExtensionService#_doActivateExtension ms-vscode.js-debug {"startup":false,"extensionId":{"value":"ms-vscode.js-debug","_lower":"ms-vscode.js-debug"},"activationEvent":"onCommand:extension.js-debug.clearAutoAttachVariables"}
[2021-07-10 18:48:55.265] [exthost] [info] ExtensionService#loadCommonJSModule file:///snap/code/68/usr/share/code/resources/app/extensions/ms-vscode.js-debug/src/extension.js
[2021-07-10 18:48:55.448] [exthost] [info] ExtensionService#_doActivateExtension vscode.github {"startup":false,"extensionId":{"value":"vscode.github","_lower":"vscode.github"},"activationEvent":"*"}
[2021-07-10 18:48:55.448] [exthost] [info] ExtensionService#loadCommonJSModule file:///snap/code/68/usr/share/code/resources/app/extensions/github/dist/extension.js
[2021-07-10 18:48:56.373] [exthost] [info] ExtensionService#_doActivateExtension vscode.github-authentication {"startup":false,"extensionId":{"value":"vscode.github-authentication","_lower":"vscode.github-authentication"},"activationEvent":"onAuthenticationRequest:github"}
[2021-07-10 18:48:56.373] [exthost] [info] ExtensionService#loadCommonJSModule file:///snap/code/68/usr/share/code/resources/app/extensions/github-authentication/dist/extension.js
[2021-07-10 18:48:59.883] [exthost] [info] eager extensions activated
[2021-07-10 18:48:59.886] [exthost] [info] ExtensionService#_doActivateExtension vscode.emmet {"startup":false,"extensionId":{"value":"vscode.emmet","_lower":"vscode.emmet"},"activationEvent":"onStartupFinished"}
[2021-07-10 18:48:59.886] [exthost] [info] ExtensionService#loadCommonJSModule file:///snap/code/68/usr/share/code/resources/app/extensions/emmet/dist/node/emmetNodeMain
[2021-07-10 18:48:59.892] [exthost] [info] ExtensionService#_doActivateExtension vscode.merge-conflict {"startup":false,"extensionId":{"value":"vscode.merge-conflict","_lower":"vscode.merge-conflict"},"activationEvent":"onStartupFinished"}
[2021-07-10 18:48:59.892] [exthost] [info] ExtensionService#loadCommonJSModule file:///snap/code/68/usr/share/code/resources/app/extensions/merge-conflict/dist/mergeConflictMain
[2021-07-10 18:48:59.894] [exthost] [info] ExtensionService#_doActivateExtension vscode.testing-editor-contributions {"startup":false,"extensionId":{"value":"vscode.testing-editor-contributions","_lower":"vscode.testing-editor-contributions"},"activationEvent":"onStartupFinished"}
[2021-07-10 18:48:59.894] [exthost] [info] ExtensionService#loadCommonJSModule file:///snap/code/68/usr/share/code/resources/app/extensions/testing-editor-contributions/dist/extension.js
[2021-07-10 18:49:10.969] [exthost] [info] ExtensionService#_doActivateExtension vscode.configuration-editing {"startup":false,"extensionId":{"value":"vscode.configuration-editing","_lower":"vscode.configuration-editing"},"activationEvent":"onLanguage:json"}
[2021-07-10 18:49:10.969] [exthost] [info] ExtensionService#loadCommonJSModule file:///snap/code/68/usr/share/code/resources/app/extensions/configuration-editing/dist/configurationEditingMain
[2021-07-10 18:49:10.972] [exthost] [info] ExtensionService#_doActivateExtension vscode.extension-editing {"startup":false,"extensionId":{"value":"vscode.extension-editing","_lower":"vscode.extension-editing"},"activationEvent":"onLanguage:json"}
[2021-07-10 18:49:10.972] [exthost] [info] ExtensionService#loadCommonJSModule file:///snap/code/68/usr/share/code/resources/app/extensions/extension-editing/dist/extensionEditingMain
[2021-07-10 18:49:10.983] [exthost] [info] ExtensionService#_doActivateExtension vscode.json-language-features {"startup":false,"extensionId":{"value":"vscode.json-language-features","_lower":"vscode.json-language-features"},"activationEvent":"onLanguage:json"}
[2021-07-10 18:49:10.984] [exthost] [info] ExtensionService#loadCommonJSModule file:///snap/code/68/usr/share/code/resources/app/extensions/json-language-features/client/dist/node/jsonClientMain
[2021-07-10 18:49:11.021] [exthost] [info] ExtensionService#_doActivateExtension vscode.npm {"startup":false,"extensionId":{"value":"vscode.npm","_lower":"vscode.npm"},"activationEvent":"onLanguage:json"}
[2021-07-10 18:49:11.022] [exthost] [info] ExtensionService#loadCommonJSModule file:///snap/code/68/usr/share/code/resources/app/extensions/npm/dist/npmMain
