[2021-07-10 03:38:50.558] [exthost] [info] extension host started
[2021-07-10 03:38:50.566] [exthost] [error] Error: EEXIST: file already exists, open '/src/github.com/hyperledger/fabric-samples/User/workspaceStorage/22a5b041d0449e0937e0f2e79b918f5a/vscode.lock'
[2021-07-10 03:38:50.604] [exthost] [info] Lock '/src/github.com/hyperledger/fabric-samples/User/workspaceStorage/22a5b041d0449e0937e0f2e79b918f5a/vscode.lock': Could not acquire lock, checking if the file is stale.
[2021-07-10 03:38:50.628] [exthost] [info] Lock '/src/github.com/hyperledger/fabric-samples/User/workspaceStorage/22a5b041d0449e0937e0f2e79b918f5a/vscode.lock': The pid 14912 appears to be gone.
[2021-07-10 03:38:50.628] [exthost] [info] Lock '/src/github.com/hyperledger/fabric-samples/User/workspaceStorage/22a5b041d0449e0937e0f2e79b918f5a/vscode.lock': Deleting a stale lock.
[2021-07-10 03:38:50.632] [exthost] [info] Lock '/src/github.com/hyperledger/fabric-samples/User/workspaceStorage/22a5b041d0449e0937e0f2e79b918f5a/vscode.lock': Lock acquired.
[2021-07-10 03:38:50.858] [exthost] [info] ExtensionService#_doActivateExtension vscode.microsoft-authentication {"startup":false,"extensionId":{"value":"vscode.microsoft-authentication","_lower":"vscode.microsoft-authentication"},"activationEvent":"onAuthenticationRequest:microsoft"}
[2021-07-10 03:38:50.858] [exthost] [info] ExtensionService#loadCommonJSModule file:///snap/code/68/usr/share/code/resources/app/extensions/microsoft-authentication/dist/extension.js
[2021-07-10 03:38:50.874] [exthost] [info] ExtensionService#_doActivateExtension GrapeCity.gc-excelviewer {"startup":false,"extensionId":{"value":"GrapeCity.gc-excelviewer","_lower":"grapecity.gc-excelviewer"},"activationEvent":"onLanguage:plaintext"}
[2021-07-10 03:38:50.874] [exthost] [info] ExtensionService#loadCommonJSModule file:///root/.vscode/extensions/grapecity.gc-excelviewer-3.0.42/dist/extension
[2021-07-10 03:38:50.882] [exthost] [info] ExtensionService#_doActivateExtension vscode.typescript-language-features {"startup":false,"extensionId":{"value":"vscode.typescript-language-features","_lower":"vscode.typescript-language-features"},"activationEvent":"onLanguage:javascript"}
[2021-07-10 03:38:50.883] [exthost] [info] ExtensionService#loadCommonJSModule file:///snap/code/68/usr/share/code/resources/app/extensions/typescript-language-features/dist/extension
[2021-07-10 03:38:50.928] [exthost] [info] ExtensionService#_doActivateExtension vscode.debug-auto-launch {"startup":true,"extensionId":{"value":"vscode.debug-auto-launch","_lower":"vscode.debug-auto-launch"},"activationEvent":"*"}
[2021-07-10 03:38:50.928] [exthost] [info] ExtensionService#loadCommonJSModule file:///snap/code/68/usr/share/code/resources/app/extensions/debug-auto-launch/dist/extension
[2021-07-10 03:38:50.933] [exthost] [info] ExtensionService#_doActivateExtension vscode.git {"startup":true,"extensionId":{"value":"vscode.github","_lower":"vscode.github"},"activationEvent":"*"}
[2021-07-10 03:38:50.933] [exthost] [info] ExtensionService#loadCommonJSModule file:///snap/code/68/usr/share/code/resources/app/extensions/git/dist/main
[2021-07-10 03:38:51.007] [exthost] [info] ExtensionService#_doActivateExtension dqisme.sync-scroll {"startup":true,"extensionId":{"value":"dqisme.sync-scroll","_lower":"dqisme.sync-scroll"},"activationEvent":"*"}
[2021-07-10 03:38:51.007] [exthost] [info] ExtensionService#loadCommonJSModule file:///root/.vscode/extensions/dqisme.sync-scroll-1.3.0/out/extension.js
[2021-07-10 03:38:51.015] [exthost] [info] ExtensionService#_doActivateExtension vscode-icons-team.vscode-icons {"startup":true,"extensionId":{"value":"vscode-icons-team.vscode-icons","_lower":"vscode-icons-team.vscode-icons"},"activationEvent":"*"}
[2021-07-10 03:38:51.016] [exthost] [info] ExtensionService#loadCommonJSModule file:///root/.vscode/extensions/vscode-icons-team.vscode-icons-11.5.0/dist/src/vscode-icons.bundle.js
[2021-07-10 03:38:53.098] [exthost] [info] ExtensionService#_doActivateExtension ms-vscode.js-debug {"startup":false,"extensionId":{"value":"ms-vscode.js-debug","_lower":"ms-vscode.js-debug"},"activationEvent":"onCommand:extension.js-debug.clearAutoAttachVariables"}
[2021-07-10 03:38:53.098] [exthost] [info] ExtensionService#loadCommonJSModule file:///snap/code/68/usr/share/code/resources/app/extensions/ms-vscode.js-debug/src/extension.js
[2021-07-10 03:38:53.505] [exthost] [info] ExtensionService#_doActivateExtension vscode.github {"startup":false,"extensionId":{"value":"vscode.github","_lower":"vscode.github"},"activationEvent":"*"}
[2021-07-10 03:38:53.505] [exthost] [info] ExtensionService#loadCommonJSModule file:///snap/code/68/usr/share/code/resources/app/extensions/github/dist/extension.js
[2021-07-10 03:38:53.930] [exthost] [info] ExtensionService#_doActivateExtension vscode.github-authentication {"startup":false,"extensionId":{"value":"vscode.github-authentication","_lower":"vscode.github-authentication"},"activationEvent":"onAuthenticationRequest:github"}
[2021-07-10 03:38:53.930] [exthost] [info] ExtensionService#loadCommonJSModule file:///snap/code/68/usr/share/code/resources/app/extensions/github-authentication/dist/extension.js
[2021-07-10 03:39:00.807] [exthost] [info] ExtensionService#_doActivateExtension vscode.emmet {"startup":false,"extensionId":{"value":"vscode.emmet","_lower":"vscode.emmet"},"activationEvent":"onStartupFinished"}
[2021-07-10 03:39:00.807] [exthost] [info] ExtensionService#loadCommonJSModule file:///snap/code/68/usr/share/code/resources/app/extensions/emmet/dist/node/emmetNodeMain
[2021-07-10 03:39:00.815] [exthost] [info] ExtensionService#_doActivateExtension vscode.merge-conflict {"startup":false,"extensionId":{"value":"vscode.merge-conflict","_lower":"vscode.merge-conflict"},"activationEvent":"onStartupFinished"}
[2021-07-10 03:39:00.815] [exthost] [info] ExtensionService#loadCommonJSModule file:///snap/code/68/usr/share/code/resources/app/extensions/merge-conflict/dist/mergeConflictMain
[2021-07-10 03:39:00.820] [exthost] [info] ExtensionService#_doActivateExtension vscode.testing-editor-contributions {"startup":false,"extensionId":{"value":"vscode.testing-editor-contributions","_lower":"vscode.testing-editor-contributions"},"activationEvent":"onStartupFinished"}
[2021-07-10 03:39:00.820] [exthost] [info] ExtensionService#loadCommonJSModule file:///snap/code/68/usr/share/code/resources/app/extensions/testing-editor-contributions/dist/extension.js
[2021-07-10 04:03:10.455] [exthost] [info] ExtensionService#_doActivateExtension vscode.extension-editing {"startup":false,"extensionId":{"value":"vscode.extension-editing","_lower":"vscode.extension-editing"},"activationEvent":"onLanguage:typescript"}
[2021-07-10 04:03:10.457] [exthost] [info] ExtensionService#loadCommonJSModule file:///snap/code/68/usr/share/code/resources/app/extensions/extension-editing/dist/extensionEditingMain
[2021-07-10 04:15:49.360] [exthost] [info] ExtensionService#_doActivateExtension vscode.configuration-editing {"startup":false,"extensionId":{"value":"vscode.configuration-editing","_lower":"vscode.configuration-editing"},"activationEvent":"onLanguage:json"}
[2021-07-10 04:15:49.361] [exthost] [info] ExtensionService#loadCommonJSModule file:///snap/code/68/usr/share/code/resources/app/extensions/configuration-editing/dist/configurationEditingMain
[2021-07-10 04:15:49.385] [exthost] [info] ExtensionService#_doActivateExtension vscode.json-language-features {"startup":false,"extensionId":{"value":"vscode.json-language-features","_lower":"vscode.json-language-features"},"activationEvent":"onLanguage:json"}
[2021-07-10 04:15:49.387] [exthost] [info] ExtensionService#loadCommonJSModule file:///snap/code/68/usr/share/code/resources/app/extensions/json-language-features/client/dist/node/jsonClientMain
[2021-07-10 04:15:49.416] [exthost] [info] ExtensionService#_doActivateExtension vscode.npm {"startup":false,"extensionId":{"value":"vscode.npm","_lower":"vscode.npm"},"activationEvent":"onLanguage:json"}
[2021-07-10 04:15:49.417] [exthost] [info] ExtensionService#loadCommonJSModule file:///snap/code/68/usr/share/code/resources/app/extensions/npm/dist/npmMain
