Looking for git in: git
Using git 2.25.1 from git
> git rev-parse --git-dir
Open repository: /src/github.com/hyperledger/fabric-samples
> git status -z -u
> git symbolic-ref --short HEAD
> git for-each-ref --format=%(refname)%00%(upstream:short)%00%(objectname)%00%(upstream:track) refs/heads/master refs/remotes/master
> git for-each-ref --sort -committerdate --format %(refname) %(objectname) %(*objectname)
> git remote --verbose
Warning: Failed to watch ref '/src/github.com/hyperledger/fabric-samples/.git/refs/remotes/origin/master', is most likely packed.
> git check-ignore -v -z --stdin
> git config --get commit.template
> git check-ignore -v -z --stdin
> git check-ignore -v -z --stdin
> git check-ignore -v -z --stdin
> git show --textconv :fabcar/sampleLogs.txt
> git ls-files --stage -- /src/github.com/hyperledger/fabric-samples/fabcar/sampleLogs.txt
> git cat-file -s d41f0fa2b2b3248b08b490dd9d232ba86522e598
> git show --textconv :fabcar/startFabric.sh
> git ls-files --stage -- /src/github.com/hyperledger/fabric-samples/fabcar/startFabric.sh
> git cat-file -s 6bd90a58273f1b57bea4b3dd1065e36eb50453a4
> git status -z -u
> git symbolic-ref --short HEAD
> git for-each-ref --format=%(refname)%00%(upstream:short)%00%(objectname)%00%(upstream:track) refs/heads/master refs/remotes/master
> git for-each-ref --sort -committerdate --format %(refname) %(objectname) %(*objectname)
> git remote --verbose
Warning: Failed to watch ref '/src/github.com/hyperledger/fabric-samples/.git/refs/remotes/origin/master', is most likely packed.
> git config --get commit.template
> git status -z -u
> git symbolic-ref --short HEAD
> git for-each-ref --format=%(refname)%00%(upstream:short)%00%(objectname)%00%(upstream:track) refs/heads/master refs/remotes/master
> git for-each-ref --sort -committerdate --format %(refname) %(objectname) %(*objectname)
> git remote --verbose
Warning: Failed to watch ref '/src/github.com/hyperledger/fabric-samples/.git/refs/remotes/origin/master', is most likely packed.
> git config --get commit.template
> git status -z -u
> git symbolic-ref --short HEAD
> git for-each-ref --format=%(refname)%00%(upstream:short)%00%(objectname)%00%(upstream:track) refs/heads/master refs/remotes/master
> git for-each-ref --sort -committerdate --format %(refname) %(objectname) %(*objectname)
> git remote --verbose
Warning: Failed to watch ref '/src/github.com/hyperledger/fabric-samples/.git/refs/remotes/origin/master', is most likely packed.
> git config --get commit.template
> git status -z -u
> git symbolic-ref --short HEAD
> git for-each-ref --format=%(refname)%00%(upstream:short)%00%(objectname)%00%(upstream:track) refs/heads/master refs/remotes/master
> git for-each-ref --sort -committerdate --format %(refname) %(objectname) %(*objectname)
> git remote --verbose
Warning: Failed to watch ref '/src/github.com/hyperledger/fabric-samples/.git/refs/remotes/origin/master', is most likely packed.
> git config --get commit.template
> git status -z -u
> git symbolic-ref --short HEAD
> git for-each-ref --format=%(refname)%00%(upstream:short)%00%(objectname)%00%(upstream:track) refs/heads/master refs/remotes/master
> git for-each-ref --sort -committerdate --format %(refname) %(objectname) %(*objectname)
> git remote --verbose
Warning: Failed to watch ref '/src/github.com/hyperledger/fabric-samples/.git/refs/remotes/origin/master', is most likely packed.
> git config --get commit.template
> git status -z -u
> git symbolic-ref --short HEAD
> git for-each-ref --format=%(refname)%00%(upstream:short)%00%(objectname)%00%(upstream:track) refs/heads/master refs/remotes/master
> git for-each-ref --sort -committerdate --format %(refname) %(objectname) %(*objectname)
> git remote --verbose
Warning: Failed to watch ref '/src/github.com/hyperledger/fabric-samples/.git/refs/remotes/origin/master', is most likely packed.
> git config --get commit.template
> git status -z -u
> git symbolic-ref --short HEAD
> git for-each-ref --format=%(refname)%00%(upstream:short)%00%(objectname)%00%(upstream:track) refs/heads/master refs/remotes/master
> git for-each-ref --sort -committerdate --format %(refname) %(objectname) %(*objectname)
> git remote --verbose
Warning: Failed to watch ref '/src/github.com/hyperledger/fabric-samples/.git/refs/remotes/origin/master', is most likely packed.
> git config --get commit.template
> git status -z -u
> git symbolic-ref --short HEAD
> git for-each-ref --format=%(refname)%00%(upstream:short)%00%(objectname)%00%(upstream:track) refs/heads/master refs/remotes/master
> git for-each-ref --sort -committerdate --format %(refname) %(objectname) %(*objectname)
> git remote --verbose
Warning: Failed to watch ref '/src/github.com/hyperledger/fabric-samples/.git/refs/remotes/origin/master', is most likely packed.
> git config --get commit.template
> git status -z -u
> git symbolic-ref --short HEAD
> git for-each-ref --format=%(refname)%00%(upstream:short)%00%(objectname)%00%(upstream:track) refs/heads/master refs/remotes/master
> git for-each-ref --sort -committerdate --format %(refname) %(objectname) %(*objectname)
> git remote --verbose
Warning: Failed to watch ref '/src/github.com/hyperledger/fabric-samples/.git/refs/remotes/origin/master', is most likely packed.
> git config --get commit.template
> git status -z -u
> git symbolic-ref --short HEAD
> git for-each-ref --format=%(refname)%00%(upstream:short)%00%(objectname)%00%(upstream:track) refs/heads/master refs/remotes/master
> git for-each-ref --sort -committerdate --format %(refname) %(objectname) %(*objectname)
> git remote --verbose
Warning: Failed to watch ref '/src/github.com/hyperledger/fabric-samples/.git/refs/remotes/origin/master', is most likely packed.
> git config --get commit.template
> git status -z -u
> git symbolic-ref --short HEAD
> git for-each-ref --format=%(refname)%00%(upstream:short)%00%(objectname)%00%(upstream:track) refs/heads/master refs/remotes/master
> git for-each-ref --sort -committerdate --format %(refname) %(objectname) %(*objectname)
> git remote --verbose
Warning: Failed to watch ref '/src/github.com/hyperledger/fabric-samples/.git/refs/remotes/origin/master', is most likely packed.
> git config --get commit.template
> git status -z -u
> git symbolic-ref --short HEAD
> git for-each-ref --format=%(refname)%00%(upstream:short)%00%(objectname)%00%(upstream:track) refs/heads/master refs/remotes/master
> git for-each-ref --sort -committerdate --format %(refname) %(objectname) %(*objectname)
> git remote --verbose
Warning: Failed to watch ref '/src/github.com/hyperledger/fabric-samples/.git/refs/remotes/origin/master', is most likely packed.
> git config --get commit.template
> git status -z -u
> git symbolic-ref --short HEAD
> git for-each-ref --format=%(refname)%00%(upstream:short)%00%(objectname)%00%(upstream:track) refs/heads/master refs/remotes/master
> git for-each-ref --sort -committerdate --format %(refname) %(objectname) %(*objectname)
> git remote --verbose
Warning: Failed to watch ref '/src/github.com/hyperledger/fabric-samples/.git/refs/remotes/origin/master', is most likely packed.
> git config --get commit.template
> git status -z -u
> git symbolic-ref --short HEAD
> git for-each-ref --format=%(refname)%00%(upstream:short)%00%(objectname)%00%(upstream:track) refs/heads/master refs/remotes/master
> git for-each-ref --sort -committerdate --format %(refname) %(objectname) %(*objectname)
> git remote --verbose
Warning: Failed to watch ref '/src/github.com/hyperledger/fabric-samples/.git/refs/remotes/origin/master', is most likely packed.
> git config --get commit.template
> git status -z -u
> git symbolic-ref --short HEAD
> git for-each-ref --format=%(refname)%00%(upstream:short)%00%(objectname)%00%(upstream:track) refs/heads/master refs/remotes/master
> git for-each-ref --sort -committerdate --format %(refname) %(objectname) %(*objectname)
> git remote --verbose
Warning: Failed to watch ref '/src/github.com/hyperledger/fabric-samples/.git/refs/remotes/origin/master', is most likely packed.
> git config --get commit.template
> git status -z -u
> git symbolic-ref --short HEAD
> git for-each-ref --format=%(refname)%00%(upstream:short)%00%(objectname)%00%(upstream:track) refs/heads/master refs/remotes/master
> git for-each-ref --sort -committerdate --format %(refname) %(objectname) %(*objectname)
> git remote --verbose
Warning: Failed to watch ref '/src/github.com/hyperledger/fabric-samples/.git/refs/remotes/origin/master', is most likely packed.
> git config --get commit.template
> git status -z -u
> git symbolic-ref --short HEAD
> git for-each-ref --format=%(refname)%00%(upstream:short)%00%(objectname)%00%(upstream:track) refs/heads/master refs/remotes/master
> git for-each-ref --sort -committerdate --format %(refname) %(objectname) %(*objectname)
> git remote --verbose
Warning: Failed to watch ref '/src/github.com/hyperledger/fabric-samples/.git/refs/remotes/origin/master', is most likely packed.
> git config --get commit.template
> git status -z -u
> git symbolic-ref --short HEAD
> git for-each-ref --format=%(refname)%00%(upstream:short)%00%(objectname)%00%(upstream:track) refs/heads/master refs/remotes/master
> git for-each-ref --sort -committerdate --format %(refname) %(objectname) %(*objectname)
> git remote --verbose
Warning: Failed to watch ref '/src/github.com/hyperledger/fabric-samples/.git/refs/remotes/origin/master', is most likely packed.
> git config --get commit.template
> git status -z -u
> git symbolic-ref --short HEAD
> git for-each-ref --format=%(refname)%00%(upstream:short)%00%(objectname)%00%(upstream:track) refs/heads/master refs/remotes/master
> git for-each-ref --sort -committerdate --format %(refname) %(objectname) %(*objectname)
> git remote --verbose
Warning: Failed to watch ref '/src/github.com/hyperledger/fabric-samples/.git/refs/remotes/origin/master', is most likely packed.
> git config --get commit.template
> git status -z -u
> git symbolic-ref --short HEAD
> git for-each-ref --format=%(refname)%00%(upstream:short)%00%(objectname)%00%(upstream:track) refs/heads/master refs/remotes/master
> git for-each-ref --sort -committerdate --format %(refname) %(objectname) %(*objectname)
> git remote --verbose
Warning: Failed to watch ref '/src/github.com/hyperledger/fabric-samples/.git/refs/remotes/origin/master', is most likely packed.
> git config --get commit.template
> git status -z -u
> git symbolic-ref --short HEAD
> git for-each-ref --format=%(refname)%00%(upstream:short)%00%(objectname)%00%(upstream:track) refs/heads/master refs/remotes/master
> git for-each-ref --sort -committerdate --format %(refname) %(objectname) %(*objectname)
> git remote --verbose
Warning: Failed to watch ref '/src/github.com/hyperledger/fabric-samples/.git/refs/remotes/origin/master', is most likely packed.
> git config --get commit.template
> git status -z -u
> git symbolic-ref --short HEAD
> git for-each-ref --format=%(refname)%00%(upstream:short)%00%(objectname)%00%(upstream:track) refs/heads/master refs/remotes/master
> git for-each-ref --sort -committerdate --format %(refname) %(objectname) %(*objectname)
> git remote --verbose
Warning: Failed to watch ref '/src/github.com/hyperledger/fabric-samples/.git/refs/remotes/origin/master', is most likely packed.
> git config --get commit.template
> git status -z -u
> git symbolic-ref --short HEAD
> git for-each-ref --format=%(refname)%00%(upstream:short)%00%(objectname)%00%(upstream:track) refs/heads/master refs/remotes/master
> git for-each-ref --sort -committerdate --format %(refname) %(objectname) %(*objectname)
> git remote --verbose
Warning: Failed to watch ref '/src/github.com/hyperledger/fabric-samples/.git/refs/remotes/origin/master', is most likely packed.
> git config --get commit.template
> git status -z -u
> git symbolic-ref --short HEAD
> git for-each-ref --format=%(refname)%00%(upstream:short)%00%(objectname)%00%(upstream:track) refs/heads/master refs/remotes/master
> git for-each-ref --sort -committerdate --format %(refname) %(objectname) %(*objectname)
> git remote --verbose
Warning: Failed to watch ref '/src/github.com/hyperledger/fabric-samples/.git/refs/remotes/origin/master', is most likely packed.
> git config --get commit.template
> git status -z -u
> git symbolic-ref --short HEAD
> git for-each-ref --format=%(refname)%00%(upstream:short)%00%(objectname)%00%(upstream:track) refs/heads/master refs/remotes/master
> git for-each-ref --sort -committerdate --format %(refname) %(objectname) %(*objectname)
> git remote --verbose
Warning: Failed to watch ref '/src/github.com/hyperledger/fabric-samples/.git/refs/remotes/origin/master', is most likely packed.
> git config --get commit.template
> git status -z -u
> git symbolic-ref --short HEAD
> git for-each-ref --format=%(refname)%00%(upstream:short)%00%(objectname)%00%(upstream:track) refs/heads/master refs/remotes/master
> git for-each-ref --sort -committerdate --format %(refname) %(objectname) %(*objectname)
> git remote --verbose
Warning: Failed to watch ref '/src/github.com/hyperledger/fabric-samples/.git/refs/remotes/origin/master', is most likely packed.
> git config --get commit.template
> git status -z -u
> git symbolic-ref --short HEAD
> git for-each-ref --format=%(refname)%00%(upstream:short)%00%(objectname)%00%(upstream:track) refs/heads/master refs/remotes/master
> git for-each-ref --sort -committerdate --format %(refname) %(objectname) %(*objectname)
> git remote --verbose
Warning: Failed to watch ref '/src/github.com/hyperledger/fabric-samples/.git/refs/remotes/origin/master', is most likely packed.
> git config --get commit.template
> git status -z -u
> git symbolic-ref --short HEAD
> git for-each-ref --format=%(refname)%00%(upstream:short)%00%(objectname)%00%(upstream:track) refs/heads/master refs/remotes/master
> git for-each-ref --sort -committerdate --format %(refname) %(objectname) %(*objectname)
> git remote --verbose
Warning: Failed to watch ref '/src/github.com/hyperledger/fabric-samples/.git/refs/remotes/origin/master', is most likely packed.
> git config --get commit.template
> git status -z -u
> git symbolic-ref --short HEAD
> git for-each-ref --format=%(refname)%00%(upstream:short)%00%(objectname)%00%(upstream:track) refs/heads/master refs/remotes/master
> git for-each-ref --sort -committerdate --format %(refname) %(objectname) %(*objectname)
> git remote --verbose
Warning: Failed to watch ref '/src/github.com/hyperledger/fabric-samples/.git/refs/remotes/origin/master', is most likely packed.
> git config --get commit.template
> git status -z -u
> git symbolic-ref --short HEAD
> git for-each-ref --format=%(refname)%00%(upstream:short)%00%(objectname)%00%(upstream:track) refs/heads/master refs/remotes/master
> git for-each-ref --sort -committerdate --format %(refname) %(objectname) %(*objectname)
> git remote --verbose
Warning: Failed to watch ref '/src/github.com/hyperledger/fabric-samples/.git/refs/remotes/origin/master', is most likely packed.
> git config --get commit.template
> git status -z -u
> git symbolic-ref --short HEAD
> git for-each-ref --format=%(refname)%00%(upstream:short)%00%(objectname)%00%(upstream:track) refs/heads/master refs/remotes/master
> git for-each-ref --sort -committerdate --format %(refname) %(objectname) %(*objectname)
> git remote --verbose
Warning: Failed to watch ref '/src/github.com/hyperledger/fabric-samples/.git/refs/remotes/origin/master', is most likely packed.
> git config --get commit.template
> git status -z -u
> git symbolic-ref --short HEAD
> git for-each-ref --format=%(refname)%00%(upstream:short)%00%(objectname)%00%(upstream:track) refs/heads/master refs/remotes/master
> git for-each-ref --sort -committerdate --format %(refname) %(objectname) %(*objectname)
> git remote --verbose
Warning: Failed to watch ref '/src/github.com/hyperledger/fabric-samples/.git/refs/remotes/origin/master', is most likely packed.
> git config --get commit.template
> git status -z -u
> git symbolic-ref --short HEAD
> git for-each-ref --format=%(refname)%00%(upstream:short)%00%(objectname)%00%(upstream:track) refs/heads/master refs/remotes/master
> git for-each-ref --sort -committerdate --format %(refname) %(objectname) %(*objectname)
> git remote --verbose
Warning: Failed to watch ref '/src/github.com/hyperledger/fabric-samples/.git/refs/remotes/origin/master', is most likely packed.
> git config --get commit.template
> git status -z -u
> git symbolic-ref --short HEAD
> git for-each-ref --format=%(refname)%00%(upstream:short)%00%(objectname)%00%(upstream:track) refs/heads/master refs/remotes/master
> git for-each-ref --sort -committerdate --format %(refname) %(objectname) %(*objectname)
> git remote --verbose
Warning: Failed to watch ref '/src/github.com/hyperledger/fabric-samples/.git/refs/remotes/origin/master', is most likely packed.
> git config --get commit.template
> git status -z -u
> git symbolic-ref --short HEAD
> git for-each-ref --format=%(refname)%00%(upstream:short)%00%(objectname)%00%(upstream:track) refs/heads/master refs/remotes/master
> git for-each-ref --sort -committerdate --format %(refname) %(objectname) %(*objectname)
> git remote --verbose
Warning: Failed to watch ref '/src/github.com/hyperledger/fabric-samples/.git/refs/remotes/origin/master', is most likely packed.
> git config --get commit.template
> git status -z -u
> git symbolic-ref --short HEAD
> git for-each-ref --format=%(refname)%00%(upstream:short)%00%(objectname)%00%(upstream:track) refs/heads/master refs/remotes/master
> git for-each-ref --sort -committerdate --format %(refname) %(objectname) %(*objectname)
> git remote --verbose
Warning: Failed to watch ref '/src/github.com/hyperledger/fabric-samples/.git/refs/remotes/origin/master', is most likely packed.
> git config --get commit.template
> git status -z -u
> git symbolic-ref --short HEAD
> git for-each-ref --format=%(refname)%00%(upstream:short)%00%(objectname)%00%(upstream:track) refs/heads/master refs/remotes/master
> git for-each-ref --sort -committerdate --format %(refname) %(objectname) %(*objectname)
> git remote --verbose
Warning: Failed to watch ref '/src/github.com/hyperledger/fabric-samples/.git/refs/remotes/origin/master', is most likely packed.
> git config --get commit.template
> git status -z -u
> git symbolic-ref --short HEAD
> git for-each-ref --format=%(refname)%00%(upstream:short)%00%(objectname)%00%(upstream:track) refs/heads/master refs/remotes/master
> git for-each-ref --sort -committerdate --format %(refname) %(objectname) %(*objectname)
> git remote --verbose
Warning: Failed to watch ref '/src/github.com/hyperledger/fabric-samples/.git/refs/remotes/origin/master', is most likely packed.
> git config --get commit.template
> git status -z -u
> git symbolic-ref --short HEAD
> git for-each-ref --format=%(refname)%00%(upstream:short)%00%(objectname)%00%(upstream:track) refs/heads/master refs/remotes/master
> git for-each-ref --sort -committerdate --format %(refname) %(objectname) %(*objectname)
> git remote --verbose
Warning: Failed to watch ref '/src/github.com/hyperledger/fabric-samples/.git/refs/remotes/origin/master', is most likely packed.
> git config --get commit.template
> git status -z -u
> git symbolic-ref --short HEAD
> git for-each-ref --format=%(refname)%00%(upstream:short)%00%(objectname)%00%(upstream:track) refs/heads/master refs/remotes/master
> git for-each-ref --sort -committerdate --format %(refname) %(objectname) %(*objectname)
> git remote --verbose
Warning: Failed to watch ref '/src/github.com/hyperledger/fabric-samples/.git/refs/remotes/origin/master', is most likely packed.
> git config --get commit.template
> git status -z -u
> git symbolic-ref --short HEAD
> git for-each-ref --format=%(refname)%00%(upstream:short)%00%(objectname)%00%(upstream:track) refs/heads/master refs/remotes/master
> git for-each-ref --sort -committerdate --format %(refname) %(objectname) %(*objectname)
> git remote --verbose
Warning: Failed to watch ref '/src/github.com/hyperledger/fabric-samples/.git/refs/remotes/origin/master', is most likely packed.
> git config --get commit.template
> git status -z -u
> git symbolic-ref --short HEAD
> git for-each-ref --format=%(refname)%00%(upstream:short)%00%(objectname)%00%(upstream:track) refs/heads/master refs/remotes/master
> git for-each-ref --sort -committerdate --format %(refname) %(objectname) %(*objectname)
> git remote --verbose
Warning: Failed to watch ref '/src/github.com/hyperledger/fabric-samples/.git/refs/remotes/origin/master', is most likely packed.
> git config --get commit.template
> git status -z -u
> git symbolic-ref --short HEAD
> git for-each-ref --format=%(refname)%00%(upstream:short)%00%(objectname)%00%(upstream:track) refs/heads/master refs/remotes/master
> git for-each-ref --sort -committerdate --format %(refname) %(objectname) %(*objectname)
> git remote --verbose
Warning: Failed to watch ref '/src/github.com/hyperledger/fabric-samples/.git/refs/remotes/origin/master', is most likely packed.
> git config --get commit.template
> git status -z -u
> git symbolic-ref --short HEAD
> git for-each-ref --format=%(refname)%00%(upstream:short)%00%(objectname)%00%(upstream:track) refs/heads/master refs/remotes/master
> git for-each-ref --sort -committerdate --format %(refname) %(objectname) %(*objectname)
> git remote --verbose
Warning: Failed to watch ref '/src/github.com/hyperledger/fabric-samples/.git/refs/remotes/origin/master', is most likely packed.
> git config --get commit.template
> git status -z -u
> git symbolic-ref --short HEAD
> git for-each-ref --format=%(refname)%00%(upstream:short)%00%(objectname)%00%(upstream:track) refs/heads/master refs/remotes/master
> git for-each-ref --sort -committerdate --format %(refname) %(objectname) %(*objectname)
> git remote --verbose
Warning: Failed to watch ref '/src/github.com/hyperledger/fabric-samples/.git/refs/remotes/origin/master', is most likely packed.
> git config --get commit.template
> git status -z -u
> git symbolic-ref --short HEAD
> git for-each-ref --format=%(refname)%00%(upstream:short)%00%(objectname)%00%(upstream:track) refs/heads/master refs/remotes/master
> git for-each-ref --sort -committerdate --format %(refname) %(objectname) %(*objectname)
> git remote --verbose
Warning: Failed to watch ref '/src/github.com/hyperledger/fabric-samples/.git/refs/remotes/origin/master', is most likely packed.
> git config --get commit.template
> git status -z -u
> git symbolic-ref --short HEAD
> git for-each-ref --format=%(refname)%00%(upstream:short)%00%(objectname)%00%(upstream:track) refs/heads/master refs/remotes/master
> git for-each-ref --sort -committerdate --format %(refname) %(objectname) %(*objectname)
> git remote --verbose
Warning: Failed to watch ref '/src/github.com/hyperledger/fabric-samples/.git/refs/remotes/origin/master', is most likely packed.
> git config --get commit.template
> git status -z -u
> git symbolic-ref --short HEAD
> git for-each-ref --format=%(refname)%00%(upstream:short)%00%(objectname)%00%(upstream:track) refs/heads/master refs/remotes/master
> git for-each-ref --sort -committerdate --format %(refname) %(objectname) %(*objectname)
> git remote --verbose
Warning: Failed to watch ref '/src/github.com/hyperledger/fabric-samples/.git/refs/remotes/origin/master', is most likely packed.
> git config --get commit.template
> git status -z -u
> git symbolic-ref --short HEAD
> git for-each-ref --format=%(refname)%00%(upstream:short)%00%(objectname)%00%(upstream:track) refs/heads/master refs/remotes/master
> git for-each-ref --sort -committerdate --format %(refname) %(objectname) %(*objectname)
> git remote --verbose
Warning: Failed to watch ref '/src/github.com/hyperledger/fabric-samples/.git/refs/remotes/origin/master', is most likely packed.
> git config --get commit.template
> git status -z -u
> git symbolic-ref --short HEAD
> git for-each-ref --format=%(refname)%00%(upstream:short)%00%(objectname)%00%(upstream:track) refs/heads/master refs/remotes/master
> git for-each-ref --sort -committerdate --format %(refname) %(objectname) %(*objectname)
> git remote --verbose
Warning: Failed to watch ref '/src/github.com/hyperledger/fabric-samples/.git/refs/remotes/origin/master', is most likely packed.
> git config --get commit.template
> git status -z -u
> git symbolic-ref --short HEAD
> git for-each-ref --format=%(refname)%00%(upstream:short)%00%(objectname)%00%(upstream:track) refs/heads/master refs/remotes/master
> git for-each-ref --sort -committerdate --format %(refname) %(objectname) %(*objectname)
> git remote --verbose
Warning: Failed to watch ref '/src/github.com/hyperledger/fabric-samples/.git/refs/remotes/origin/master', is most likely packed.
> git config --get commit.template
> git status -z -u
> git symbolic-ref --short HEAD
> git for-each-ref --format=%(refname)%00%(upstream:short)%00%(objectname)%00%(upstream:track) refs/heads/master refs/remotes/master
> git for-each-ref --sort -committerdate --format %(refname) %(objectname) %(*objectname)
> git remote --verbose
Warning: Failed to watch ref '/src/github.com/hyperledger/fabric-samples/.git/refs/remotes/origin/master', is most likely packed.
> git config --get commit.template
> git status -z -u
> git symbolic-ref --short HEAD
> git for-each-ref --format=%(refname)%00%(upstream:short)%00%(objectname)%00%(upstream:track) refs/heads/master refs/remotes/master
> git for-each-ref --sort -committerdate --format %(refname) %(objectname) %(*objectname)
> git remote --verbose
Warning: Failed to watch ref '/src/github.com/hyperledger/fabric-samples/.git/refs/remotes/origin/master', is most likely packed.
> git config --get commit.template
> git status -z -u
> git symbolic-ref --short HEAD
> git for-each-ref --format=%(refname)%00%(upstream:short)%00%(objectname)%00%(upstream:track) refs/heads/master refs/remotes/master
> git for-each-ref --sort -committerdate --format %(refname) %(objectname) %(*objectname)
> git remote --verbose
Warning: Failed to watch ref '/src/github.com/hyperledger/fabric-samples/.git/refs/remotes/origin/master', is most likely packed.
> git config --get commit.template
> git status -z -u
> git symbolic-ref --short HEAD
> git for-each-ref --format=%(refname)%00%(upstream:short)%00%(objectname)%00%(upstream:track) refs/heads/master refs/remotes/master
> git for-each-ref --sort -committerdate --format %(refname) %(objectname) %(*objectname)
> git remote --verbose
Warning: Failed to watch ref '/src/github.com/hyperledger/fabric-samples/.git/refs/remotes/origin/master', is most likely packed.
> git config --get commit.template
> git check-ignore -v -z --stdin
> git status -z -u
> git symbolic-ref --short HEAD
> git for-each-ref --format=%(refname)%00%(upstream:short)%00%(objectname)%00%(upstream:track) refs/heads/master refs/remotes/master
> git for-each-ref --sort -committerdate --format %(refname) %(objectname) %(*objectname)
> git remote --verbose
Warning: Failed to watch ref '/src/github.com/hyperledger/fabric-samples/.git/refs/remotes/origin/master', is most likely packed.
> git config --get commit.template
> git check-ignore -v -z --stdin
> git check-ignore -v -z --stdin
> git status -z -u
> git symbolic-ref --short HEAD
> git for-each-ref --format=%(refname)%00%(upstream:short)%00%(objectname)%00%(upstream:track) refs/heads/master refs/remotes/master
> git for-each-ref --sort -committerdate --format %(refname) %(objectname) %(*objectname)
> git remote --verbose
Warning: Failed to watch ref '/src/github.com/hyperledger/fabric-samples/.git/refs/remotes/origin/master', is most likely packed.
> git config --get commit.template
> git show --textconv :first-network/addPeers5/configtx.yaml
> git ls-files --stage -- /src/github.com/hyperledger/fabric-samples/first-network/addPeers5/configtx.yaml
> git cat-file -s 8e2b3b576ff6192eec41ad443037aa64f3541db9
> git status -z -u
> git symbolic-ref --short HEAD
> git for-each-ref --format=%(refname)%00%(upstream:short)%00%(objectname)%00%(upstream:track) refs/heads/master refs/remotes/master
> git for-each-ref --sort -committerdate --format %(refname) %(objectname) %(*objectname)
> git remote --verbose
Warning: Failed to watch ref '/src/github.com/hyperledger/fabric-samples/.git/refs/remotes/origin/master', is most likely packed.
> git config --get commit.template
> git status -z -u
> git symbolic-ref --short HEAD
> git for-each-ref --format=%(refname)%00%(upstream:short)%00%(objectname)%00%(upstream:track) refs/heads/master refs/remotes/master
> git for-each-ref --sort -committerdate --format %(refname) %(objectname) %(*objectname)
> git remote --verbose
Warning: Failed to watch ref '/src/github.com/hyperledger/fabric-samples/.git/refs/remotes/origin/master', is most likely packed.
> git config --get commit.template
> git status -z -u
> git symbolic-ref --short HEAD
> git for-each-ref --format=%(refname)%00%(upstream:short)%00%(objectname)%00%(upstream:track) refs/heads/master refs/remotes/master
> git for-each-ref --sort -committerdate --format %(refname) %(objectname) %(*objectname)
> git remote --verbose
Warning: Failed to watch ref '/src/github.com/hyperledger/fabric-samples/.git/refs/remotes/origin/master', is most likely packed.
> git config --get commit.template
> git status -z -u
> git symbolic-ref --short HEAD
> git for-each-ref --format=%(refname)%00%(upstream:short)%00%(objectname)%00%(upstream:track) refs/heads/master refs/remotes/master
> git for-each-ref --sort -committerdate --format %(refname) %(objectname) %(*objectname)
> git remote --verbose
Warning: Failed to watch ref '/src/github.com/hyperledger/fabric-samples/.git/refs/remotes/origin/master', is most likely packed.
> git config --get commit.template
> git status -z -u
> git symbolic-ref --short HEAD
> git for-each-ref --format=%(refname)%00%(upstream:short)%00%(objectname)%00%(upstream:track) refs/heads/master refs/remotes/master
> git for-each-ref --sort -committerdate --format %(refname) %(objectname) %(*objectname)
> git remote --verbose
Warning: Failed to watch ref '/src/github.com/hyperledger/fabric-samples/.git/refs/remotes/origin/master', is most likely packed.
> git config --get commit.template
> git status -z -u
> git symbolic-ref --short HEAD
> git for-each-ref --format=%(refname)%00%(upstream:short)%00%(objectname)%00%(upstream:track) refs/heads/master refs/remotes/master
> git for-each-ref --sort -committerdate --format %(refname) %(objectname) %(*objectname)
> git remote --verbose
Warning: Failed to watch ref '/src/github.com/hyperledger/fabric-samples/.git/refs/remotes/origin/master', is most likely packed.
> git config --get commit.template
> git status -z -u
> git symbolic-ref --short HEAD
> git for-each-ref --format=%(refname)%00%(upstream:short)%00%(objectname)%00%(upstream:track) refs/heads/master refs/remotes/master
> git for-each-ref --sort -committerdate --format %(refname) %(objectname) %(*objectname)
> git remote --verbose
Warning: Failed to watch ref '/src/github.com/hyperledger/fabric-samples/.git/refs/remotes/origin/master', is most likely packed.
> git config --get commit.template
> git status -z -u
> git symbolic-ref --short HEAD
> git for-each-ref --format=%(refname)%00%(upstream:short)%00%(objectname)%00%(upstream:track) refs/heads/master refs/remotes/master
> git for-each-ref --sort -committerdate --format %(refname) %(objectname) %(*objectname)
> git remote --verbose
Warning: Failed to watch ref '/src/github.com/hyperledger/fabric-samples/.git/refs/remotes/origin/master', is most likely packed.
> git config --get commit.template
> git status -z -u
> git symbolic-ref --short HEAD
> git for-each-ref --format=%(refname)%00%(upstream:short)%00%(objectname)%00%(upstream:track) refs/heads/master refs/remotes/master
> git for-each-ref --sort -committerdate --format %(refname) %(objectname) %(*objectname)
> git remote --verbose
Warning: Failed to watch ref '/src/github.com/hyperledger/fabric-samples/.git/refs/remotes/origin/master', is most likely packed.
> git config --get commit.template
> git status -z -u
> git symbolic-ref --short HEAD
> git for-each-ref --format=%(refname)%00%(upstream:short)%00%(objectname)%00%(upstream:track) refs/heads/master refs/remotes/master
> git for-each-ref --sort -committerdate --format %(refname) %(objectname) %(*objectname)
> git remote --verbose
Warning: Failed to watch ref '/src/github.com/hyperledger/fabric-samples/.git/refs/remotes/origin/master', is most likely packed.
> git config --get commit.template
> git status -z -u
> git symbolic-ref --short HEAD
> git for-each-ref --format=%(refname)%00%(upstream:short)%00%(objectname)%00%(upstream:track) refs/heads/master refs/remotes/master
> git for-each-ref --sort -committerdate --format %(refname) %(objectname) %(*objectname)
> git remote --verbose
Warning: Failed to watch ref '/src/github.com/hyperledger/fabric-samples/.git/refs/remotes/origin/master', is most likely packed.
> git config --get commit.template
> git status -z -u
> git symbolic-ref --short HEAD
> git for-each-ref --format=%(refname)%00%(upstream:short)%00%(objectname)%00%(upstream:track) refs/heads/master refs/remotes/master
> git for-each-ref --sort -committerdate --format %(refname) %(objectname) %(*objectname)
> git remote --verbose
Warning: Failed to watch ref '/src/github.com/hyperledger/fabric-samples/.git/refs/remotes/origin/master', is most likely packed.
> git config --get commit.template
> git status -z -u
> git symbolic-ref --short HEAD
> git for-each-ref --format=%(refname)%00%(upstream:short)%00%(objectname)%00%(upstream:track) refs/heads/master refs/remotes/master
> git for-each-ref --sort -committerdate --format %(refname) %(objectname) %(*objectname)
> git remote --verbose
Warning: Failed to watch ref '/src/github.com/hyperledger/fabric-samples/.git/refs/remotes/origin/master', is most likely packed.
> git config --get commit.template
> git status -z -u
> git symbolic-ref --short HEAD
> git for-each-ref --format=%(refname)%00%(upstream:short)%00%(objectname)%00%(upstream:track) refs/heads/master refs/remotes/master
> git for-each-ref --sort -committerdate --format %(refname) %(objectname) %(*objectname)
> git remote --verbose
Warning: Failed to watch ref '/src/github.com/hyperledger/fabric-samples/.git/refs/remotes/origin/master', is most likely packed.
> git config --get commit.template
> git show --textconv :first-network/addPeers5/add10-crypto.yaml
> git ls-files --stage -- /src/github.com/hyperledger/fabric-samples/first-network/addPeers5/add10-crypto.yaml
> git cat-file -s aedeb65f82e4648530187390ee25eb26d4b16a0a
> git status -z -u
> git symbolic-ref --short HEAD
> git for-each-ref --format=%(refname)%00%(upstream:short)%00%(objectname)%00%(upstream:track) refs/heads/master refs/remotes/master
> git for-each-ref --sort -committerdate --format %(refname) %(objectname) %(*objectname)
> git remote --verbose
Warning: Failed to watch ref '/src/github.com/hyperledger/fabric-samples/.git/refs/remotes/origin/master', is most likely packed.
> git config --get commit.template
> git status -z -u
> git symbolic-ref --short HEAD
> git for-each-ref --format=%(refname)%00%(upstream:short)%00%(objectname)%00%(upstream:track) refs/heads/master refs/remotes/master
> git for-each-ref --sort -committerdate --format %(refname) %(objectname) %(*objectname)
> git remote --verbose
Warning: Failed to watch ref '/src/github.com/hyperledger/fabric-samples/.git/refs/remotes/origin/master', is most likely packed.
> git config --get commit.template
> git status -z -u
> git symbolic-ref --short HEAD
> git for-each-ref --format=%(refname)%00%(upstream:short)%00%(objectname)%00%(upstream:track) refs/heads/master refs/remotes/master
> git for-each-ref --sort -committerdate --format %(refname) %(objectname) %(*objectname)
> git remote --verbose
Warning: Failed to watch ref '/src/github.com/hyperledger/fabric-samples/.git/refs/remotes/origin/master', is most likely packed.
> git config --get commit.template
> git status -z -u
> git symbolic-ref --short HEAD
> git for-each-ref --format=%(refname)%00%(upstream:short)%00%(objectname)%00%(upstream:track) refs/heads/master refs/remotes/master
> git for-each-ref --sort -committerdate --format %(refname) %(objectname) %(*objectname)
> git remote --verbose
Warning: Failed to watch ref '/src/github.com/hyperledger/fabric-samples/.git/refs/remotes/origin/master', is most likely packed.
> git config --get commit.template
> git status -z -u
> git symbolic-ref --short HEAD
> git for-each-ref --format=%(refname)%00%(upstream:short)%00%(objectname)%00%(upstream:track) refs/heads/master refs/remotes/master
> git for-each-ref --sort -committerdate --format %(refname) %(objectname) %(*objectname)
> git remote --verbose
Warning: Failed to watch ref '/src/github.com/hyperledger/fabric-samples/.git/refs/remotes/origin/master', is most likely packed.
> git config --get commit.template
> git status -z -u
> git symbolic-ref --short HEAD
> git for-each-ref --format=%(refname)%00%(upstream:short)%00%(objectname)%00%(upstream:track) refs/heads/master refs/remotes/master
> git for-each-ref --sort -committerdate --format %(refname) %(objectname) %(*objectname)
> git remote --verbose
Warning: Failed to watch ref '/src/github.com/hyperledger/fabric-samples/.git/refs/remotes/origin/master', is most likely packed.
> git config --get commit.template
> git show --textconv :first-network/addPeers5/configtx.yaml
> git ls-files --stage -- /src/github.com/hyperledger/fabric-samples/first-network/addPeers5/configtx.yaml
> git cat-file -s 8e2b3b576ff6192eec41ad443037aa64f3541db9
> git check-ignore -v -z --stdin
> git status -z -u
> git symbolic-ref --short HEAD
> git for-each-ref --format=%(refname)%00%(upstream:short)%00%(objectname)%00%(upstream:track) refs/heads/master refs/remotes/master
> git for-each-ref --sort -committerdate --format %(refname) %(objectname) %(*objectname)
> git remote --verbose
Warning: Failed to watch ref '/src/github.com/hyperledger/fabric-samples/.git/refs/remotes/origin/master', is most likely packed.
> git config --get commit.template
> git status -z -u
> git symbolic-ref --short HEAD
> git for-each-ref --format=%(refname)%00%(upstream:short)%00%(objectname)%00%(upstream:track) refs/heads/master refs/remotes/master
> git for-each-ref --sort -committerdate --format %(refname) %(objectname) %(*objectname)
> git remote --verbose
Warning: Failed to watch ref '/src/github.com/hyperledger/fabric-samples/.git/refs/remotes/origin/master', is most likely packed.
> git config --get commit.template
> git show --textconv :first-network/addPeers5/add10-crypto.yaml
> git ls-files --stage -- /src/github.com/hyperledger/fabric-samples/first-network/addPeers5/add10-crypto.yaml
> git cat-file -s aedeb65f82e4648530187390ee25eb26d4b16a0a
> git check-ignore -v -z --stdin
> git check-ignore -v -z --stdin
> git status -z -u
> git symbolic-ref --short HEAD
> git for-each-ref --format=%(refname)%00%(upstream:short)%00%(objectname)%00%(upstream:track) refs/heads/master refs/remotes/master
> git for-each-ref --sort -committerdate --format %(refname) %(objectname) %(*objectname)
> git remote --verbose
Warning: Failed to watch ref '/src/github.com/hyperledger/fabric-samples/.git/refs/remotes/origin/master', is most likely packed.
> git config --get commit.template
> git show --textconv :first-network/addPeers5/scripts/script.sh
> git ls-files --stage -- /src/github.com/hyperledger/fabric-samples/first-network/addPeers5/scripts/script.sh
> git cat-file -s 7e93ca308ce4bba923081f7018a324d81cd9f4a8
> git status -z -u
> git symbolic-ref --short HEAD
> git for-each-ref --format=%(refname)%00%(upstream:short)%00%(objectname)%00%(upstream:track) refs/heads/master refs/remotes/master
> git for-each-ref --sort -committerdate --format %(refname) %(objectname) %(*objectname)
> git remote --verbose
Warning: Failed to watch ref '/src/github.com/hyperledger/fabric-samples/.git/refs/remotes/origin/master', is most likely packed.
> git config --get commit.template
> git status -z -u
> git symbolic-ref --short HEAD
> git for-each-ref --format=%(refname)%00%(upstream:short)%00%(objectname)%00%(upstream:track) refs/heads/master refs/remotes/master
> git for-each-ref --sort -committerdate --format %(refname) %(objectname) %(*objectname)
> git remote --verbose
Warning: Failed to watch ref '/src/github.com/hyperledger/fabric-samples/.git/refs/remotes/origin/master', is most likely packed.
> git config --get commit.template
> git check-ignore -v -z --stdin
> git status -z -u
> git symbolic-ref --short HEAD
> git for-each-ref --format=%(refname)%00%(upstream:short)%00%(objectname)%00%(upstream:track) refs/heads/master refs/remotes/master
> git for-each-ref --sort -committerdate --format %(refname) %(objectname) %(*objectname)
> git remote --verbose
Warning: Failed to watch ref '/src/github.com/hyperledger/fabric-samples/.git/refs/remotes/origin/master', is most likely packed.
> git config --get commit.template
> git show --textconv :first-network/addPeers5/byfn.sh
> git ls-files --stage -- /src/github.com/hyperledger/fabric-samples/first-network/addPeers5/byfn.sh
> git cat-file -s 84c8f738eac4ee27617260604d8f0405d44da6ab
> git status -z -u
> git symbolic-ref --short HEAD
> git for-each-ref --format=%(refname)%00%(upstream:short)%00%(objectname)%00%(upstream:track) refs/heads/master refs/remotes/master
> git for-each-ref --sort -committerdate --format %(refname) %(objectname) %(*objectname)
> git remote --verbose
Warning: Failed to watch ref '/src/github.com/hyperledger/fabric-samples/.git/refs/remotes/origin/master', is most likely packed.
> git config --get commit.template
> git status -z -u
> git symbolic-ref --short HEAD
> git for-each-ref --format=%(refname)%00%(upstream:short)%00%(objectname)%00%(upstream:track) refs/heads/master refs/remotes/master
> git for-each-ref --sort -committerdate --format %(refname) %(objectname) %(*objectname)
> git remote --verbose
Warning: Failed to watch ref '/src/github.com/hyperledger/fabric-samples/.git/refs/remotes/origin/master', is most likely packed.
> git config --get commit.template
> git status -z -u
> git symbolic-ref --short HEAD
> git for-each-ref --format=%(refname)%00%(upstream:short)%00%(objectname)%00%(upstream:track) refs/heads/master refs/remotes/master
> git for-each-ref --sort -committerdate --format %(refname) %(objectname) %(*objectname)
> git remote --verbose
Warning: Failed to watch ref '/src/github.com/hyperledger/fabric-samples/.git/refs/remotes/origin/master', is most likely packed.
> git config --get commit.template
> git status -z -u
> git symbolic-ref --short HEAD
> git for-each-ref --format=%(refname)%00%(upstream:short)%00%(objectname)%00%(upstream:track) refs/heads/master refs/remotes/master
> git for-each-ref --sort -committerdate --format %(refname) %(objectname) %(*objectname)
> git remote --verbose
Warning: Failed to watch ref '/src/github.com/hyperledger/fabric-samples/.git/refs/remotes/origin/master', is most likely packed.
> git config --get commit.template
> git status -z -u
> git symbolic-ref --short HEAD
> git for-each-ref --format=%(refname)%00%(upstream:short)%00%(objectname)%00%(upstream:track) refs/heads/master refs/remotes/master
> git for-each-ref --sort -committerdate --format %(refname) %(objectname) %(*objectname)
> git remote --verbose
Warning: Failed to watch ref '/src/github.com/hyperledger/fabric-samples/.git/refs/remotes/origin/master', is most likely packed.
> git config --get commit.template
> git status -z -u
> git symbolic-ref --short HEAD
> git for-each-ref --format=%(refname)%00%(upstream:short)%00%(objectname)%00%(upstream:track) refs/heads/master refs/remotes/master
> git for-each-ref --sort -committerdate --format %(refname) %(objectname) %(*objectname)
> git remote --verbose
Warning: Failed to watch ref '/src/github.com/hyperledger/fabric-samples/.git/refs/remotes/origin/master', is most likely packed.
> git config --get commit.template
> git status -z -u
> git symbolic-ref --short HEAD
> git for-each-ref --format=%(refname)%00%(upstream:short)%00%(objectname)%00%(upstream:track) refs/heads/master refs/remotes/master
> git for-each-ref --sort -committerdate --format %(refname) %(objectname) %(*objectname)
> git remote --verbose
Warning: Failed to watch ref '/src/github.com/hyperledger/fabric-samples/.git/refs/remotes/origin/master', is most likely packed.
> git config --get commit.template
> git status -z -u
> git symbolic-ref --short HEAD
> git for-each-ref --format=%(refname)%00%(upstream:short)%00%(objectname)%00%(upstream:track) refs/heads/master refs/remotes/master
> git for-each-ref --sort -committerdate --format %(refname) %(objectname) %(*objectname)
> git remote --verbose
Warning: Failed to watch ref '/src/github.com/hyperledger/fabric-samples/.git/refs/remotes/origin/master', is most likely packed.
> git config --get commit.template
> git show --textconv :first-network/addPeers5/docker-compose-cli10.yaml
> git ls-files --stage -- /src/github.com/hyperledger/fabric-samples/first-network/addPeers5/docker-compose-cli10.yaml
> git cat-file -s 2b13e0fcbde493336fefa5ce58fe28fde5c636bb
> git status -z -u
> git symbolic-ref --short HEAD
> git for-each-ref --format=%(refname)%00%(upstream:short)%00%(objectname)%00%(upstream:track) refs/heads/master refs/remotes/master
> git for-each-ref --sort -committerdate --format %(refname) %(objectname) %(*objectname)
> git remote --verbose
Warning: Failed to watch ref '/src/github.com/hyperledger/fabric-samples/.git/refs/remotes/origin/master', is most likely packed.
> git config --get commit.template
> git status -z -u
> git symbolic-ref --short HEAD
> git for-each-ref --format=%(refname)%00%(upstream:short)%00%(objectname)%00%(upstream:track) refs/heads/master refs/remotes/master
> git for-each-ref --sort -committerdate --format %(refname) %(objectname) %(*objectname)
> git remote --verbose
Warning: Failed to watch ref '/src/github.com/hyperledger/fabric-samples/.git/refs/remotes/origin/master', is most likely packed.
> git config --get commit.template
> git status -z -u
> git symbolic-ref --short HEAD
> git for-each-ref --format=%(refname)%00%(upstream:short)%00%(objectname)%00%(upstream:track) refs/heads/master refs/remotes/master
> git for-each-ref --sort -committerdate --format %(refname) %(objectname) %(*objectname)
> git remote --verbose
Warning: Failed to watch ref '/src/github.com/hyperledger/fabric-samples/.git/refs/remotes/origin/master', is most likely packed.
> git config --get commit.template
> git status -z -u
> git symbolic-ref --short HEAD
> git for-each-ref --format=%(refname)%00%(upstream:short)%00%(objectname)%00%(upstream:track) refs/heads/master refs/remotes/master
> git for-each-ref --sort -committerdate --format %(refname) %(objectname) %(*objectname)
> git remote --verbose
Warning: Failed to watch ref '/src/github.com/hyperledger/fabric-samples/.git/refs/remotes/origin/master', is most likely packed.
> git config --get commit.template
> git show --textconv :first-network/addPeers5/byfn.sh
> git ls-files --stage -- /src/github.com/hyperledger/fabric-samples/first-network/addPeers5/byfn.sh
> git cat-file -s 84c8f738eac4ee27617260604d8f0405d44da6ab
> git status -z -u
> git symbolic-ref --short HEAD
> git for-each-ref --format=%(refname)%00%(upstream:short)%00%(objectname)%00%(upstream:track) refs/heads/master refs/remotes/master
> git for-each-ref --sort -committerdate --format %(refname) %(objectname) %(*objectname)
> git remote --verbose
Warning: Failed to watch ref '/src/github.com/hyperledger/fabric-samples/.git/refs/remotes/origin/master', is most likely packed.
> git config --get commit.template
> git status -z -u
> git symbolic-ref --short HEAD
> git for-each-ref --format=%(refname)%00%(upstream:short)%00%(objectname)%00%(upstream:track) refs/heads/master refs/remotes/master
> git for-each-ref --sort -committerdate --format %(refname) %(objectname) %(*objectname)
> git remote --verbose
Warning: Failed to watch ref '/src/github.com/hyperledger/fabric-samples/.git/refs/remotes/origin/master', is most likely packed.
> git config --get commit.template
> git show --textconv :first-network/addPeers5/docker-compose-add10.yaml
> git ls-files --stage -- /src/github.com/hyperledger/fabric-samples/first-network/addPeers5/docker-compose-add10.yaml
> git cat-file -s 2d890c374e69b3ef7640c234f0457ea9796a0c79
> git status -z -u
> git symbolic-ref --short HEAD
> git for-each-ref --format=%(refname)%00%(upstream:short)%00%(objectname)%00%(upstream:track) refs/heads/master refs/remotes/master
> git for-each-ref --sort -committerdate --format %(refname) %(objectname) %(*objectname)
> git remote --verbose
Warning: Failed to watch ref '/src/github.com/hyperledger/fabric-samples/.git/refs/remotes/origin/master', is most likely packed.
> git config --get commit.template
> git show --textconv :first-network/addPeers5/docker-compose-add10-orderer.yaml
> git ls-files --stage -- /src/github.com/hyperledger/fabric-samples/first-network/addPeers5/docker-compose-add10-orderer.yaml
> git cat-file -s 98d28a754ea3e0584a60c2d774f2523afdf06892
> git show --textconv :first-network/addPeers5/byfn.sh
> git ls-files --stage -- /src/github.com/hyperledger/fabric-samples/first-network/addPeers5/byfn.sh
> git cat-file -s 84c8f738eac4ee27617260604d8f0405d44da6ab
> git status -z -u
> git symbolic-ref --short HEAD
> git for-each-ref --format=%(refname)%00%(upstream:short)%00%(objectname)%00%(upstream:track) refs/heads/master refs/remotes/master
> git for-each-ref --sort -committerdate --format %(refname) %(objectname) %(*objectname)
> git remote --verbose
Warning: Failed to watch ref '/src/github.com/hyperledger/fabric-samples/.git/refs/remotes/origin/master', is most likely packed.
> git config --get commit.template
> git status -z -u
> git symbolic-ref --short HEAD
> git for-each-ref --format=%(refname)%00%(upstream:short)%00%(objectname)%00%(upstream:track) refs/heads/master refs/remotes/master
> git for-each-ref --sort -committerdate --format %(refname) %(objectname) %(*objectname)
> git remote --verbose
Warning: Failed to watch ref '/src/github.com/hyperledger/fabric-samples/.git/refs/remotes/origin/master', is most likely packed.
> git config --get commit.template
> git show --textconv :first-network/addPeers5/docker-compose-add10-orderer.yaml
> git ls-files --stage -- /src/github.com/hyperledger/fabric-samples/first-network/addPeers5/docker-compose-add10-orderer.yaml
> git cat-file -s 98d28a754ea3e0584a60c2d774f2523afdf06892
> git status -z -u
> git symbolic-ref --short HEAD
> git for-each-ref --format=%(refname)%00%(upstream:short)%00%(objectname)%00%(upstream:track) refs/heads/master refs/remotes/master
> git for-each-ref --sort -committerdate --format %(refname) %(objectname) %(*objectname)
> git remote --verbose
Warning: Failed to watch ref '/src/github.com/hyperledger/fabric-samples/.git/refs/remotes/origin/master', is most likely packed.
> git config --get commit.template
> git show --textconv :first-network/addPeers5/docker-compose-add10.yaml
> git ls-files --stage -- /src/github.com/hyperledger/fabric-samples/first-network/addPeers5/docker-compose-add10.yaml
> git cat-file -s 2d890c374e69b3ef7640c234f0457ea9796a0c79
> git show --textconv :first-network/addPeers5/byfn.sh
> git ls-files --stage -- /src/github.com/hyperledger/fabric-samples/first-network/addPeers5/byfn.sh
> git cat-file -s 84c8f738eac4ee27617260604d8f0405d44da6ab
> git status -z -u
> git symbolic-ref --short HEAD
> git for-each-ref --format=%(refname)%00%(upstream:short)%00%(objectname)%00%(upstream:track) refs/heads/master refs/remotes/master
> git for-each-ref --sort -committerdate --format %(refname) %(objectname) %(*objectname)
> git remote --verbose
Warning: Failed to watch ref '/src/github.com/hyperledger/fabric-samples/.git/refs/remotes/origin/master', is most likely packed.
> git config --get commit.template
> git status -z -u
> git symbolic-ref --short HEAD
> git for-each-ref --format=%(refname)%00%(upstream:short)%00%(objectname)%00%(upstream:track) refs/heads/master refs/remotes/master
> git for-each-ref --sort -committerdate --format %(refname) %(objectname) %(*objectname)
> git remote --verbose
Warning: Failed to watch ref '/src/github.com/hyperledger/fabric-samples/.git/refs/remotes/origin/master', is most likely packed.
> git config --get commit.template
> git status -z -u
> git symbolic-ref --short HEAD
> git for-each-ref --format=%(refname)%00%(upstream:short)%00%(objectname)%00%(upstream:track) refs/heads/master refs/remotes/master
> git for-each-ref --sort -committerdate --format %(refname) %(objectname) %(*objectname)
> git remote --verbose
Warning: Failed to watch ref '/src/github.com/hyperledger/fabric-samples/.git/refs/remotes/origin/master', is most likely packed.
> git config --get commit.template
> git status -z -u
> git symbolic-ref --short HEAD
> git for-each-ref --format=%(refname)%00%(upstream:short)%00%(objectname)%00%(upstream:track) refs/heads/master refs/remotes/master
> git for-each-ref --sort -committerdate --format %(refname) %(objectname) %(*objectname)
> git remote --verbose
Warning: Failed to watch ref '/src/github.com/hyperledger/fabric-samples/.git/refs/remotes/origin/master', is most likely packed.
> git config --get commit.template
> git status -z -u
> git symbolic-ref --short HEAD
> git for-each-ref --format=%(refname)%00%(upstream:short)%00%(objectname)%00%(upstream:track) refs/heads/master refs/remotes/master
> git for-each-ref --sort -committerdate --format %(refname) %(objectname) %(*objectname)
> git remote --verbose
Warning: Failed to watch ref '/src/github.com/hyperledger/fabric-samples/.git/refs/remotes/origin/master', is most likely packed.
> git config --get commit.template
> git show --textconv :first-network/addPeers5/add10-crypto.yaml
> git ls-files --stage -- /src/github.com/hyperledger/fabric-samples/first-network/addPeers5/add10-crypto.yaml
> git cat-file -s aedeb65f82e4648530187390ee25eb26d4b16a0a
> git status -z -u
> git symbolic-ref --short HEAD
> git for-each-ref --format=%(refname)%00%(upstream:short)%00%(objectname)%00%(upstream:track) refs/heads/master refs/remotes/master
> git for-each-ref --sort -committerdate --format %(refname) %(objectname) %(*objectname)
> git remote --verbose
Warning: Failed to watch ref '/src/github.com/hyperledger/fabric-samples/.git/refs/remotes/origin/master', is most likely packed.
> git config --get commit.template
> git status -z -u
> git symbolic-ref --short HEAD
> git for-each-ref --format=%(refname)%00%(upstream:short)%00%(objectname)%00%(upstream:track) refs/heads/master refs/remotes/master
> git for-each-ref --sort -committerdate --format %(refname) %(objectname) %(*objectname)
> git remote --verbose
Warning: Failed to watch ref '/src/github.com/hyperledger/fabric-samples/.git/refs/remotes/origin/master', is most likely packed.
> git config --get commit.template
> git show --textconv :first-network/addPeers5/configtx.yaml
> git ls-files --stage -- /src/github.com/hyperledger/fabric-samples/first-network/addPeers5/configtx.yaml
> git cat-file -s 8e2b3b576ff6192eec41ad443037aa64f3541db9
> git status -z -u
> git symbolic-ref --short HEAD
> git for-each-ref --format=%(refname)%00%(upstream:short)%00%(objectname)%00%(upstream:track) refs/heads/master refs/remotes/master
> git for-each-ref --sort -committerdate --format %(refname) %(objectname) %(*objectname)
> git remote --verbose
Warning: Failed to watch ref '/src/github.com/hyperledger/fabric-samples/.git/refs/remotes/origin/master', is most likely packed.
> git config --get commit.template
