[2021-07-10 00:35:33.537] [exthost] [info] extension host started
[2021-07-10 00:35:33.653] [exthost] [info] Lock '/src/github.com/hyperledger/fabric-samples/User/workspaceStorage/22a5b041d0449e0937e0f2e79b918f5a/vscode.lock': Lock acquired.
[2021-07-10 00:35:33.818] [exthost] [info] ExtensionService#_doActivateExtension vscode.microsoft-authentication {"startup":false,"extensionId":{"value":"vscode.microsoft-authentication","_lower":"vscode.microsoft-authentication"},"activationEvent":"onAuthenticationRequest:microsoft"}
[2021-07-10 00:35:33.818] [exthost] [info] ExtensionService#loadCommonJSModule file:///snap/code/68/usr/share/code/resources/app/extensions/microsoft-authentication/dist/extension.js
[2021-07-10 00:35:33.872] [exthost] [info] ExtensionService#_doActivateExtension GrapeCity.gc-excelviewer {"startup":false,"extensionId":{"value":"GrapeCity.gc-excelviewer","_lower":"grapecity.gc-excelviewer"},"activationEvent":"onLanguage:plaintext"}
[2021-07-10 00:35:33.872] [exthost] [info] ExtensionService#loadCommonJSModule file:///root/.vscode/extensions/grapecity.gc-excelviewer-3.0.42/dist/extension
[2021-07-10 00:35:33.878] [exthost] [info] ExtensionService#_doActivateExtension vscode.typescript-language-features {"startup":false,"extensionId":{"value":"vscode.typescript-language-features","_lower":"vscode.typescript-language-features"},"activationEvent":"onLanguage:javascript"}
[2021-07-10 00:35:33.878] [exthost] [info] ExtensionService#loadCommonJSModule file:///snap/code/68/usr/share/code/resources/app/extensions/typescript-language-features/dist/extension
[2021-07-10 00:35:33.957] [exthost] [info] ExtensionService#_doActivateExtension vscode.debug-auto-launch {"startup":true,"extensionId":{"value":"vscode.debug-auto-launch","_lower":"vscode.debug-auto-launch"},"activationEvent":"*"}
[2021-07-10 00:35:33.957] [exthost] [info] ExtensionService#loadCommonJSModule file:///snap/code/68/usr/share/code/resources/app/extensions/debug-auto-launch/dist/extension
[2021-07-10 00:35:33.973] [exthost] [info] ExtensionService#_doActivateExtension vscode.git {"startup":true,"extensionId":{"value":"vscode.github","_lower":"vscode.github"},"activationEvent":"*"}
[2021-07-10 00:35:33.973] [exthost] [info] ExtensionService#loadCommonJSModule file:///snap/code/68/usr/share/code/resources/app/extensions/git/dist/main
[2021-07-10 00:35:34.044] [exthost] [info] ExtensionService#_doActivateExtension vscode-icons-team.vscode-icons {"startup":true,"extensionId":{"value":"vscode-icons-team.vscode-icons","_lower":"vscode-icons-team.vscode-icons"},"activationEvent":"*"}
[2021-07-10 00:35:34.044] [exthost] [info] ExtensionService#loadCommonJSModule file:///root/.vscode/extensions/vscode-icons-team.vscode-icons-11.5.0/dist/src/vscode-icons.bundle.js
[2021-07-10 00:35:35.554] [exthost] [info] ExtensionService#_doActivateExtension ms-vscode.js-debug {"startup":false,"extensionId":{"value":"ms-vscode.js-debug","_lower":"ms-vscode.js-debug"},"activationEvent":"onCommand:extension.js-debug.clearAutoAttachVariables"}
[2021-07-10 00:35:35.554] [exthost] [info] ExtensionService#loadCommonJSModule file:///snap/code/68/usr/share/code/resources/app/extensions/ms-vscode.js-debug/src/extension.js
[2021-07-10 00:35:35.787] [exthost] [info] ExtensionService#_doActivateExtension vscode.github {"startup":false,"extensionId":{"value":"vscode.github","_lower":"vscode.github"},"activationEvent":"*"}
[2021-07-10 00:35:35.789] [exthost] [info] ExtensionService#loadCommonJSModule file:///snap/code/68/usr/share/code/resources/app/extensions/github/dist/extension.js
[2021-07-10 00:35:36.823] [exthost] [info] ExtensionService#_doActivateExtension vscode.github-authentication {"startup":false,"extensionId":{"value":"vscode.github-authentication","_lower":"vscode.github-authentication"},"activationEvent":"onAuthenticationRequest:github"}
[2021-07-10 00:35:36.823] [exthost] [info] ExtensionService#loadCommonJSModule file:///snap/code/68/usr/share/code/resources/app/extensions/github-authentication/dist/extension.js
[2021-07-10 00:35:43.791] [exthost] [info] ExtensionService#_doActivateExtension vscode.emmet {"startup":false,"extensionId":{"value":"vscode.emmet","_lower":"vscode.emmet"},"activationEvent":"onStartupFinished"}
[2021-07-10 00:35:43.791] [exthost] [info] ExtensionService#loadCommonJSModule file:///snap/code/68/usr/share/code/resources/app/extensions/emmet/dist/node/emmetNodeMain
[2021-07-10 00:35:43.796] [exthost] [info] ExtensionService#_doActivateExtension vscode.merge-conflict {"startup":false,"extensionId":{"value":"vscode.merge-conflict","_lower":"vscode.merge-conflict"},"activationEvent":"onStartupFinished"}
[2021-07-10 00:35:43.796] [exthost] [info] ExtensionService#loadCommonJSModule file:///snap/code/68/usr/share/code/resources/app/extensions/merge-conflict/dist/mergeConflictMain
[2021-07-10 00:35:43.797] [exthost] [info] ExtensionService#_doActivateExtension vscode.testing-editor-contributions {"startup":false,"extensionId":{"value":"vscode.testing-editor-contributions","_lower":"vscode.testing-editor-contributions"},"activationEvent":"onStartupFinished"}
[2021-07-10 00:35:43.797] [exthost] [info] ExtensionService#loadCommonJSModule file:///snap/code/68/usr/share/code/resources/app/extensions/testing-editor-contributions/dist/extension.js
[2021-07-10 01:14:27.645] [exthost] [info] ExtensionService#_doActivateExtension dqisme.sync-scroll {"startup":false,"extensionId":{"value":"dqisme.sync-scroll","_lower":"dqisme.sync-scroll"},"activationEvent":"*"}
[2021-07-10 01:14:27.647] [exthost] [info] ExtensionService#loadCommonJSModule file:///root/.vscode/extensions/dqisme.sync-scroll-1.3.0/out/extension.js
[2021-07-10 01:45:44.735] [exthost] [info] ExtensionService#_doActivateExtension vscode.extension-editing {"startup":false,"extensionId":{"value":"vscode.extension-editing","_lower":"vscode.extension-editing"},"activationEvent":"onLanguage:typescript"}
[2021-07-10 01:45:44.736] [exthost] [info] ExtensionService#loadCommonJSModule file:///snap/code/68/usr/share/code/resources/app/extensions/extension-editing/dist/extensionEditingMain
[2021-07-10 02:36:36.066] [exthost] [info] ExtensionService#_doActivateExtension vscode.configuration-editing {"startup":false,"extensionId":{"value":"vscode.configuration-editing","_lower":"vscode.configuration-editing"},"activationEvent":"onLanguage:json"}
[2021-07-10 02:36:36.066] [exthost] [info] ExtensionService#loadCommonJSModule file:///snap/code/68/usr/share/code/resources/app/extensions/configuration-editing/dist/configurationEditingMain
[2021-07-10 02:36:36.093] [exthost] [info] ExtensionService#_doActivateExtension vscode.json-language-features {"startup":false,"extensionId":{"value":"vscode.json-language-features","_lower":"vscode.json-language-features"},"activationEvent":"onLanguage:json"}
[2021-07-10 02:36:36.093] [exthost] [info] ExtensionService#loadCommonJSModule file:///snap/code/68/usr/share/code/resources/app/extensions/json-language-features/client/dist/node/jsonClientMain
[2021-07-10 02:36:36.114] [exthost] [info] ExtensionService#_doActivateExtension vscode.npm {"startup":false,"extensionId":{"value":"vscode.npm","_lower":"vscode.npm"},"activationEvent":"onLanguage:json"}
[2021-07-10 02:36:36.114] [exthost] [info] ExtensionService#loadCommonJSModule file:///snap/code/68/usr/share/code/resources/app/extensions/npm/dist/npmMain
[2021-07-10 02:41:23.976] [exthost] [warning] [Decorations] CAPPING events from decorations provider vscode.git 354
[2021-07-10 02:41:30.655] [exthost] [warning] [Decorations] CAPPING events from decorations provider vscode.git 354
[2021-07-10 02:41:36.455] [exthost] [warning] [Decorations] CAPPING events from decorations provider vscode.git 354
[2021-07-10 02:41:42.158] [exthost] [warning] [Decorations] CAPPING events from decorations provider vscode.git 354
[2021-07-10 02:41:47.874] [exthost] [warning] [Decorations] CAPPING events from decorations provider vscode.git 354
[2021-07-10 02:41:53.492] [exthost] [warning] [Decorations] CAPPING events from decorations provider vscode.git 354
[2021-07-10 02:41:59.166] [exthost] [warning] [Decorations] CAPPING events from decorations provider vscode.git 354
[2021-07-10 02:42:04.855] [exthost] [warning] [Decorations] CAPPING events from decorations provider vscode.git 354
[2021-07-10 02:42:10.535] [exthost] [warning] [Decorations] CAPPING events from decorations provider vscode.git 354
[2021-07-10 02:42:16.182] [exthost] [warning] [Decorations] CAPPING events from decorations provider vscode.git 355
[2021-07-10 02:42:22.194] [exthost] [warning] [Decorations] CAPPING events from decorations provider vscode.git 355
[2021-07-10 02:42:27.885] [exthost] [warning] [Decorations] CAPPING events from decorations provider vscode.git 355
[2021-07-10 02:42:33.568] [exthost] [warning] [Decorations] CAPPING events from decorations provider vscode.git 355
[2021-07-10 02:42:39.589] [exthost] [warning] [Decorations] CAPPING events from decorations provider vscode.git 355
[2021-07-10 02:42:45.335] [exthost] [warning] [Decorations] CAPPING events from decorations provider vscode.git 355
[2021-07-10 02:42:51.093] [exthost] [warning] [Decorations] CAPPING events from decorations provider vscode.git 355
[2021-07-10 02:42:56.902] [exthost] [warning] [Decorations] CAPPING events from decorations provider vscode.git 355
[2021-07-10 02:48:05.876] [exthost] [warning] [Decorations] CAPPING events from decorations provider vscode.git 376
[2021-07-10 02:48:11.546] [exthost] [warning] [Decorations] CAPPING events from decorations provider vscode.git 376
[2021-07-10 02:48:17.223] [exthost] [warning] [Decorations] CAPPING events from decorations provider vscode.git 376
[2021-07-10 02:48:22.961] [exthost] [warning] [Decorations] CAPPING events from decorations provider vscode.git 376
[2021-07-10 02:48:28.663] [exthost] [warning] [Decorations] CAPPING events from decorations provider vscode.git 376
[2021-07-10 02:48:34.341] [exthost] [warning] [Decorations] CAPPING events from decorations provider vscode.git 376
[2021-07-10 02:48:39.984] [exthost] [warning] [Decorations] CAPPING events from decorations provider vscode.git 376
