[2021-07-10 18:47:53.690] [renderer1] [error] RangeError: Invalid string length
    at S.getLineRawContent (vscode-file://vscode-app/snap/code/68/usr/share/code/resources/app/out/vs/workbench/workbench.desktop.main.js:155:4021)
    at S.getLineContent (vscode-file://vscode-app/snap/code/68/usr/share/code/resources/app/out/vs/workbench/workbench.desktop.main.js:152:9761)
    at getLineContent (vscode-file://vscode-app/snap/code/68/usr/share/code/resources/app/out/vs/workbench/workbench.desktop.main.js:571:38006)
    at Object.A [as guessIndentation] (vscode-file://vscode-app/snap/code/68/usr/share/code/resources/app/out/vs/workbench/workbench.desktop.main.js:149:28894)
    at Function.resolveOptions (vscode-file://vscode-app/snap/code/68/usr/share/code/resources/app/out/vs/workbench/workbench.desktop.main.js:580:13735)
    at new U (vscode-file://vscode-app/snap/code/68/usr/share/code/resources/app/out/vs/workbench/workbench.desktop.main.js:580:12565)
    at ki._createModelData (vscode-file://vscode-app/snap/code/68/usr/share/code/resources/app/out/vs/workbench/workbench.desktop.main.js:739:2114)
    at ki.createModel (vscode-file://vscode-app/snap/code/68/usr/share/code/resources/app/out/vs/workbench/workbench.desktop.main.js:740:959)
    at Kr.doCreateTextEditorModel (vscode-file://vscode-app/snap/code/68/usr/share/code/resources/app/out/vs/workbench/workbench.desktop.main.js:747:8248)
    at Kr.createTextEditorModel (vscode-file://vscode-app/snap/code/68/usr/share/code/resources/app/out/vs/workbench/workbench.desktop.main.js:747:8057)
    at Kr.doCreateTextModel (vscode-file://vscode-app/snap/code/68/usr/share/code/resources/app/out/vs/workbench/workbench.desktop.main.js:2403:103427)
    at Kr.resolveFromContent (vscode-file://vscode-app/snap/code/68/usr/share/code/resources/app/out/vs/workbench/workbench.desktop.main.js:2403:103206)
    at Kr.resolveFromFile (vscode-file://vscode-app/snap/code/68/usr/share/code/resources/app/out/vs/workbench/workbench.desktop.main.js:2403:102224)
[2021-07-10 18:48:07.796] [renderer1] [error] RangeError: Invalid string length
    at S.getLineRawContent (vscode-file://vscode-app/snap/code/68/usr/share/code/resources/app/out/vs/workbench/workbench.desktop.main.js:155:4021)
    at S.getLineContent (vscode-file://vscode-app/snap/code/68/usr/share/code/resources/app/out/vs/workbench/workbench.desktop.main.js:152:9761)
    at getLineContent (vscode-file://vscode-app/snap/code/68/usr/share/code/resources/app/out/vs/workbench/workbench.desktop.main.js:571:38006)
    at Object.A [as guessIndentation] (vscode-file://vscode-app/snap/code/68/usr/share/code/resources/app/out/vs/workbench/workbench.desktop.main.js:149:28894)
    at Function.resolveOptions (vscode-file://vscode-app/snap/code/68/usr/share/code/resources/app/out/vs/workbench/workbench.desktop.main.js:580:13735)
    at new U (vscode-file://vscode-app/snap/code/68/usr/share/code/resources/app/out/vs/workbench/workbench.desktop.main.js:580:12565)
    at ki._createModelData (vscode-file://vscode-app/snap/code/68/usr/share/code/resources/app/out/vs/workbench/workbench.desktop.main.js:739:2114)
    at ki.createModel (vscode-file://vscode-app/snap/code/68/usr/share/code/resources/app/out/vs/workbench/workbench.desktop.main.js:740:959)
    at Kr.doCreateTextEditorModel (vscode-file://vscode-app/snap/code/68/usr/share/code/resources/app/out/vs/workbench/workbench.desktop.main.js:747:8248)
    at Kr.createTextEditorModel (vscode-file://vscode-app/snap/code/68/usr/share/code/resources/app/out/vs/workbench/workbench.desktop.main.js:747:8057)
    at Kr.doCreateTextModel (vscode-file://vscode-app/snap/code/68/usr/share/code/resources/app/out/vs/workbench/workbench.desktop.main.js:2403:103427)
    at Kr.resolveFromContent (vscode-file://vscode-app/snap/code/68/usr/share/code/resources/app/out/vs/workbench/workbench.desktop.main.js:2403:103206)
    at Kr.resolveFromFile (vscode-file://vscode-app/snap/code/68/usr/share/code/resources/app/out/vs/workbench/workbench.desktop.main.js:2403:102224)
    at async o.resolve (vscode-file://vscode-app/snap/code/68/usr/share/code/resources/app/out/vs/workbench/workbench.desktop.main.js:2411:35918)
    at async Ro.doResolveAsText (vscode-file://vscode-app/snap/code/68/usr/share/code/resources/app/out/vs/workbench/workbench.desktop.main.js:1896:70354)
    at async i.setInput (vscode-file://vscode-app/snap/code/68/usr/share/code/resources/app/out/vs/workbench/workbench.desktop.main.js:2355:162360)
    at async u.doSetInput (vscode-file://vscode-app/snap/code/68/usr/share/code/resources/app/out/vs/workbench/workbench.desktop.main.js:2355:131518)
    at async u.openEditor (vscode-file://vscode-app/snap/code/68/usr/share/code/resources/app/out/vs/workbench/workbench.desktop.main.js:2355:129942)
    at async vscode-file://vscode-app/snap/code/68/usr/share/code/resources/app/out/vs/workbench/workbench.desktop.main.js:2567:15994
    at async vscode-file://vscode-app/snap/code/68/usr/share/code/resources/app/out/vs/workbench/workbench.desktop.main.js:2649:64353
