Looking for git in: git
Using git 2.25.1 from git
Opening repository for path='/home/omar/Downloads' failed; ex=Failed to execute git {
  "exitCode": 128,
  "gitErrorCode": "NotAGitRepository",
  "gitCommand": "rev-parse",
  "stdout": "",
  "stderr": "fatal: not a git repository (or any of the parent directories): .git\n"
}
Opening repository for path='/home/omar/Downloads/CarData.json' failed; ex=Error: spawn ENOTDIR
Opening repository for path='/home/omar/Downloads/fabric-samples-1.1.0.zip' failed; ex=Error: spawn ENOTDIR
Opening repository for path='/home/omar/Downloads/go1.16.4.linux-amd64.tar.gz' failed; ex=Error: spawn ENOTDIR
Opening repository for path='/home/omar/Downloads/kafka.tgz' failed; ex=Error: spawn ENOTDIR
Opening repository for path='/home/omar/Downloads/kafka_2.13-2.7.0.tgz' failed; ex=Error: spawn ENOTDIR
Opening repository for path='/home/omar/Downloads/kafkatool.sh' failed; ex=Error: spawn ENOTDIR
Opening repository for path='/home/omar/Downloads/markus-winkler-d7gwINRiCuA-unsplash.jpg' failed; ex=Error: spawn ENOTDIR
Opening repository for path='/home/omar/Downloads/provision-cs3224.sh' failed; ex=Error: spawn ENOTDIR
Opening repository for path='/home/omar/Downloads/temp.json' failed; ex=Error: spawn ENOTDIR
Opening repository for path='/home/omar/Downloads' failed; ex=Failed to execute git {
  "exitCode": 128,
  "gitErrorCode": "NotAGitRepository",
  "gitCommand": "rev-parse",
  "stdout": "",
  "stderr": "fatal: not a git repository (or any of the parent directories): .git\n"
}
Opening repository for path='/home/omar/Downloads' failed; ex=Failed to execute git {
  "exitCode": 128,
  "gitErrorCode": "NotAGitRepository",
  "gitCommand": "rev-parse",
  "stdout": "",
  "stderr": "fatal: not a git repository (or any of the parent directories): .git\n"
}
Opening repository for path='/home/omar/Downloads' failed; ex=Failed to execute git {
  "exitCode": 128,
  "gitErrorCode": "NotAGitRepository",
  "gitCommand": "rev-parse",
  "stdout": "",
  "stderr": "fatal: not a git repository (or any of the parent directories): .git\n"
}
Opening repository for path='/home/omar/Downloads' failed; ex=Failed to execute git {
  "exitCode": 128,
  "gitErrorCode": "NotAGitRepository",
  "gitCommand": "rev-parse",
  "stdout": "",
  "stderr": "fatal: not a git repository (or any of the parent directories): .git\n"
}
Opening repository for path='/home/omar/Downloads' failed; ex=Failed to execute git {
  "exitCode": 128,
  "gitErrorCode": "NotAGitRepository",
  "gitCommand": "rev-parse",
  "stdout": "",
  "stderr": "fatal: not a git repository (or any of the parent directories): .git\n"
}
