[2021-07-10 18:34:45.724] [exthost] [info] extension host started
[2021-07-10 18:34:45.918] [exthost] [info] ExtensionService#_doActivateExtension vscode.microsoft-authentication {"startup":false,"extensionId":{"value":"vscode.microsoft-authentication","_lower":"vscode.microsoft-authentication"},"activationEvent":"onAuthenticationRequest:microsoft"}
[2021-07-10 18:34:45.918] [exthost] [info] ExtensionService#loadCommonJSModule file:///snap/code/68/usr/share/code/resources/app/extensions/microsoft-authentication/dist/extension.js
[2021-07-10 18:34:45.938] [exthost] [info] ExtensionService#_doActivateExtension GrapeCity.gc-excelviewer {"startup":false,"extensionId":{"value":"GrapeCity.gc-excelviewer","_lower":"grapecity.gc-excelviewer"},"activationEvent":"onLanguage:plaintext"}
[2021-07-10 18:34:45.938] [exthost] [info] ExtensionService#loadCommonJSModule file:///root/.vscode/extensions/grapecity.gc-excelviewer-3.0.42/dist/extension
[2021-07-10 18:34:45.947] [exthost] [info] ExtensionService#_doActivateExtension vscode.configuration-editing {"startup":false,"extensionId":{"value":"vscode.configuration-editing","_lower":"vscode.configuration-editing"},"activationEvent":"onLanguage:json"}
[2021-07-10 18:34:45.947] [exthost] [info] ExtensionService#loadCommonJSModule file:///snap/code/68/usr/share/code/resources/app/extensions/configuration-editing/dist/configurationEditingMain
[2021-07-10 18:34:45.955] [exthost] [info] ExtensionService#_doActivateExtension vscode.extension-editing {"startup":false,"extensionId":{"value":"vscode.extension-editing","_lower":"vscode.extension-editing"},"activationEvent":"onLanguage:json"}
[2021-07-10 18:34:45.955] [exthost] [info] ExtensionService#loadCommonJSModule file:///snap/code/68/usr/share/code/resources/app/extensions/extension-editing/dist/extensionEditingMain
[2021-07-10 18:34:45.968] [exthost] [info] ExtensionService#_doActivateExtension vscode.json-language-features {"startup":false,"extensionId":{"value":"vscode.json-language-features","_lower":"vscode.json-language-features"},"activationEvent":"onLanguage:json"}
[2021-07-10 18:34:45.977] [exthost] [info] ExtensionService#loadCommonJSModule file:///snap/code/68/usr/share/code/resources/app/extensions/json-language-features/client/dist/node/jsonClientMain
[2021-07-10 18:34:46.032] [exthost] [info] ExtensionService#_doActivateExtension vscode.npm {"startup":false,"extensionId":{"value":"vscode.npm","_lower":"vscode.npm"},"activationEvent":"onLanguage:json"}
[2021-07-10 18:34:46.033] [exthost] [info] ExtensionService#loadCommonJSModule file:///snap/code/68/usr/share/code/resources/app/extensions/npm/dist/npmMain
[2021-07-10 18:34:46.045] [exthost] [info] ExtensionService#_doActivateExtension vscode.debug-auto-launch {"startup":true,"extensionId":{"value":"vscode.debug-auto-launch","_lower":"vscode.debug-auto-launch"},"activationEvent":"*"}
[2021-07-10 18:34:46.046] [exthost] [info] ExtensionService#loadCommonJSModule file:///snap/code/68/usr/share/code/resources/app/extensions/debug-auto-launch/dist/extension
[2021-07-10 18:34:46.047] [exthost] [info] ExtensionService#_doActivateExtension vscode.git {"startup":true,"extensionId":{"value":"vscode.github","_lower":"vscode.github"},"activationEvent":"*"}
[2021-07-10 18:34:46.047] [exthost] [info] ExtensionService#loadCommonJSModule file:///snap/code/68/usr/share/code/resources/app/extensions/git/dist/main
[2021-07-10 18:34:46.091] [exthost] [info] ExtensionService#_doActivateExtension vscode-icons-team.vscode-icons {"startup":true,"extensionId":{"value":"vscode-icons-team.vscode-icons","_lower":"vscode-icons-team.vscode-icons"},"activationEvent":"*"}
[2021-07-10 18:34:46.091] [exthost] [info] ExtensionService#loadCommonJSModule file:///root/.vscode/extensions/vscode-icons-team.vscode-icons-11.5.0/dist/src/vscode-icons.bundle.js
[2021-07-10 18:34:46.748] [exthost] [info] ExtensionService#_doActivateExtension ms-vscode.js-debug {"startup":false,"extensionId":{"value":"ms-vscode.js-debug","_lower":"ms-vscode.js-debug"},"activationEvent":"onCommand:extension.js-debug.clearAutoAttachVariables"}
[2021-07-10 18:34:46.748] [exthost] [info] ExtensionService#loadCommonJSModule file:///snap/code/68/usr/share/code/resources/app/extensions/ms-vscode.js-debug/src/extension.js
[2021-07-10 18:34:46.856] [exthost] [info] ExtensionService#_doActivateExtension vscode.github {"startup":false,"extensionId":{"value":"vscode.github","_lower":"vscode.github"},"activationEvent":"*"}
[2021-07-10 18:34:46.856] [exthost] [info] ExtensionService#loadCommonJSModule file:///snap/code/68/usr/share/code/resources/app/extensions/github/dist/extension.js
[2021-07-10 18:34:47.023] [exthost] [info] ExtensionService#_doActivateExtension vscode.github-authentication {"startup":false,"extensionId":{"value":"vscode.github-authentication","_lower":"vscode.github-authentication"},"activationEvent":"onAuthenticationRequest:github"}
[2021-07-10 18:34:47.023] [exthost] [info] ExtensionService#loadCommonJSModule file:///snap/code/68/usr/share/code/resources/app/extensions/github-authentication/dist/extension.js
[2021-07-10 18:34:53.782] [exthost] [info] eager extensions activated
[2021-07-10 18:34:53.792] [exthost] [info] ExtensionService#_doActivateExtension vscode.emmet {"startup":false,"extensionId":{"value":"vscode.emmet","_lower":"vscode.emmet"},"activationEvent":"onStartupFinished"}
[2021-07-10 18:34:53.793] [exthost] [info] ExtensionService#loadCommonJSModule file:///snap/code/68/usr/share/code/resources/app/extensions/emmet/dist/node/emmetNodeMain
[2021-07-10 18:34:53.799] [exthost] [info] ExtensionService#_doActivateExtension vscode.merge-conflict {"startup":false,"extensionId":{"value":"vscode.merge-conflict","_lower":"vscode.merge-conflict"},"activationEvent":"onStartupFinished"}
[2021-07-10 18:34:53.799] [exthost] [info] ExtensionService#loadCommonJSModule file:///snap/code/68/usr/share/code/resources/app/extensions/merge-conflict/dist/mergeConflictMain
[2021-07-10 18:34:53.802] [exthost] [info] ExtensionService#_doActivateExtension vscode.testing-editor-contributions {"startup":false,"extensionId":{"value":"vscode.testing-editor-contributions","_lower":"vscode.testing-editor-contributions"},"activationEvent":"onStartupFinished"}
[2021-07-10 18:34:53.802] [exthost] [info] ExtensionService#loadCommonJSModule file:///snap/code/68/usr/share/code/resources/app/extensions/testing-editor-contributions/dist/extension.js
[2021-07-10 18:34:56.819] [exthost] [info] extension host terminating: renderer closed the socket
[2021-07-10 18:34:57.831] [exthost] [info] exiting with code 0
